{"numFailedTestSuites":0,"numFailedTests":0,"numPassedTestSuites":1,"numPassedTests":20,"numPendingTestSuites":0,"numPendingTests":0,"numRuntimeErrorTestSuites":0,"numTodoTests":0,"numTotalTestSuites":1,"numTotalTests":20,"openHandles":[],"snapshot":{"added":0,"didUpdate":false,"failure":false,"filesAdded":0,"filesRemoved":0,"filesRemovedList":[],"filesUnmatched":0,"filesUpdated":0,"matched":0,"total":0,"unchecked":0,"uncheckedKeysByFile":[],"unmatched":0,"updated":0},"startTime":1773593313863,"success":true,"testResults":[{"assertionResults":[{"ancestorTitles":["FootballApiCacheService"],"duration":12,"failureDetails":[],"failureMessages":[],"fullName":"FootballApiCacheService should be defined","invocations":1,"location":null,"numPassingAsserts":1,"retryReasons":[],"status":"passed","title":"should be defined"},{"ancestorTitles":["FootballApiCacheService","Initialization"],"duration":2,"failureDetails":[],"failureMessages":[],"fullName":"FootballApiCacheService Initialization should connect to redis on module init if enabled","invocations":1,"location":null,"numPassingAsserts":1,"retryReasons":[],"status":"passed","title":"should connect to redis on module init if enabled"},{"ancestorTitles":["FootballApiCacheService","Initialization"],"duration":5,"failureDetails":[],"failureMessages":[],"fullName":"FootballApiCacheService Initialization should handle redis connection timeout","invocations":1,"location":null,"numPassingAsserts":3,"retryReasons":[],"status":"passed","title":"should handle redis connection timeout"},{"ancestorTitles":["FootballApiCacheService","Initialization"],"duration":3,"failureDetails":[],"failureMessages":[],"fullName":"FootballApiCacheService Initialization should handle redis connection error","invocations":1,"location":null,"numPassingAsserts":2,"retryReasons":[],"status":"passed","title":"should handle redis connection error"},{"ancestorTitles":["FootballApiCacheService","Initialization"],"duration":1,"failureDetails":[],"failureMessages":[],"fullName":"FootballApiCacheService Initialization should skip init if redis URL is missing","invocations":1,"location":null,"numPassingAsserts":1,"retryReasons":[],"status":"passed","title":"should skip init if redis URL is missing"},{"ancestorTitles":["FootballApiCacheService","Module Destroy"],"duration":1,"failureDetails":[],"failureMessages":[],"fullName":"FootballApiCacheService Module Destroy should quit redis on destroy","invocations":1,"location":null,"numPassingAsserts":1,"retryReasons":[],"status":"passed","title":"should quit redis on destroy"},{"ancestorTitles":["FootballApiCacheService","Cache Operations"],"duration":2,"failureDetails":[],"failureMessages":[],"fullName":"FootballApiCacheService Cache Operations should build deterministic key","invocations":1,"location":null,"numPassingAsserts":2,"retryReasons":[],"status":"passed","title":"should build deterministic key"},{"ancestorTitles":["FootballApiCacheService","Cache Operations"],"duration":1,"failureDetails":[],"failureMessages":[],"fullName":"FootballApiCacheService Cache Operations should get value from cache","invocations":1,"location":null,"numPassingAsserts":2,"retryReasons":[],"status":"passed","title":"should get value from cache"},{"ancestorTitles":["FootballApiCacheService","Cache Operations"],"duration":1,"failureDetails":[],"failureMessages":[],"fullName":"FootballApiCacheService Cache Operations should return null on cache miss","invocations":1,"location":null,"numPassingAsserts":1,"retryReasons":[],"status":"passed","title":"should return null on cache miss"},{"ancestorTitles":["FootballApiCacheService","Cache Operations"],"duration":1,"failureDetails":[],"failureMessages":[],"fullName":"FootballApiCacheService Cache Operations should return null and log warning on get error","invocations":1,"location":null,"numPassingAsserts":2,"retryReasons":[],"status":"passed","title":"should return null and log warning on get error"},{"ancestorTitles":["FootballApiCacheService","Cache Operations"],"duration":1,"failureDetails":[],"failureMessages":[],"fullName":"FootballApiCacheService Cache Operations should set value in cache","invocations":1,"location":null,"numPassingAsserts":1,"retryReasons":[],"status":"passed","title":"should set value in cache"},{"ancestorTitles":["FootballApiCacheService","Cache Operations"],"duration":1,"failureDetails":[],"failureMessages":[],"fullName":"FootballApiCacheService Cache Operations should use default TTL if not provided","invocations":1,"location":null,"numPassingAsserts":1,"retryReasons":[],"status":"passed","title":"should use default TTL if not provided"},{"ancestorTitles":["FootballApiCacheService","Cache Operations"],"duration":1,"failureDetails":[],"failureMessages":[],"fullName":"FootballApiCacheService Cache Operations should log warning on set error","invocations":1,"location":null,"numPassingAsserts":1,"retryReasons":[],"status":"passed","title":"should log warning on set error"},{"ancestorTitles":["FootballApiCacheService","Cache Operations"],"duration":1,"failureDetails":[],"failureMessages":[],"fullName":"FootballApiCacheService Cache Operations should delete key","invocations":1,"location":null,"numPassingAsserts":1,"retryReasons":[],"status":"passed","title":"should delete key"},{"ancestorTitles":["FootballApiCacheService","Cache Operations"],"duration":1,"failureDetails":[],"failureMessages":[],"fullName":"FootballApiCacheService Cache Operations should invalidate by pattern","invocations":1,"location":null,"numPassingAsserts":3,"retryReasons":[],"status":"passed","title":"should invalidate by pattern"},{"ancestorTitles":["FootballApiCacheService","Cache Operations"],"duration":1,"failureDetails":[],"failureMessages":[],"fullName":"FootballApiCacheService Cache Operations should return 0 if no keys match pattern","invocations":1,"location":null,"numPassingAsserts":2,"retryReasons":[],"status":"passed","title":"should return 0 if no keys match pattern"},{"ancestorTitles":["FootballApiCacheService","Stats and Availability"],"duration":1,"failureDetails":[],"failureMessages":[],"fullName":"FootballApiCacheService Stats and Availability should return stats when available","invocations":1,"location":null,"numPassingAsserts":3,"retryReasons":[],"status":"passed","title":"should return stats when available"},{"ancestorTitles":["FootballApiCacheService","Stats and Availability"],"duration":1,"failureDetails":[],"failureMessages":[],"fullName":"FootballApiCacheService Stats and Availability should return default memory if regex fails","invocations":1,"location":null,"numPassingAsserts":1,"retryReasons":[],"status":"passed","title":"should return default memory if regex fails"},{"ancestorTitles":["FootballApiCacheService","Stats and Availability"],"duration":1,"failureDetails":[],"failureMessages":[],"fullName":"FootballApiCacheService Stats and Availability should return unavailable stats if redis error","invocations":1,"location":null,"numPassingAsserts":1,"retryReasons":[],"status":"passed","title":"should return unavailable stats if redis error"},{"ancestorTitles":["FootballApiCacheService","Stats and Availability"],"duration":1,"failureDetails":[],"failureMessages":[],"fullName":"FootballApiCacheService Stats and Availability should return unavailable if redis not initialized","invocations":1,"location":null,"numPassingAsserts":1,"retryReasons":[],"status":"passed","title":"should return unavailable if redis not initialized"}],"endTime":1773593317800,"message":"","name":"/Users/erivan.silva/FootDash/backend/src/football-api/football-api-cache.service.spec.ts","startTime":1773593314111,"status":"passed","summary":""}],"wasInterrupted":false,"coverageMap":{}}
