{"numFailedTestSuites":1,"numFailedTests":20,"numPassedTestSuites":0,"numPassedTests":0,"numPendingTestSuites":0,"numPendingTests":0,"numRuntimeErrorTestSuites":0,"numTodoTests":0,"numTotalTestSuites":1,"numTotalTests":20,"openHandles":[],"snapshot":{"added":0,"didUpdate":false,"failure":false,"filesAdded":0,"filesRemoved":0,"filesRemovedList":[],"filesUnmatched":0,"filesUpdated":0,"matched":0,"total":0,"unchecked":0,"uncheckedKeysByFile":[],"unmatched":0,"updated":0},"startTime":1773593169085,"success":false,"testResults":[{"assertionResults":[{"ancestorTitles":["FootballApiCacheService"],"duration":10,"failureDetails":[{}],"failureMessages":["TypeError: ioredis_1.default is not a constructor\n    at new FootballApiCacheService (/Users/erivan.silva/FootDash/backend/src/football-api/football-api-cache.service.ts:35:20)\n    at TestingInjector.instantiateClass (/Users/erivan.silva/FootDash/backend/node_modules/@nestjs/core/injector/injector.js:418:19)\n    at callback (/Users/erivan.silva/FootDash/backend/node_modules/@nestjs/core/injector/injector.js:70:45)\n    at TestingInjector.resolveConstructorParams (/Users/erivan.silva/FootDash/backend/node_modules/@nestjs/core/injector/injector.js:170:24)\n    at TestingInjector.loadInstance (/Users/erivan.silva/FootDash/backend/node_modules/@nestjs/core/injector/injector.js:75:13)\n    at TestingInjector.loadProvider (/Users/erivan.silva/FootDash/backend/node_modules/@nestjs/core/injector/injector.js:103:9)\n    at /Users/erivan.silva/FootDash/backend/node_modules/@nestjs/core/injector/instance-loader.js:56:13\n    at async Promise.all (index 3)\n    at TestingInstanceLoader.createInstancesOfProviders (/Users/erivan.silva/FootDash/backend/node_modules/@nestjs/core/injector/instance-loader.js:55:9)\n    at /Users/erivan.silva/FootDash/backend/node_modules/@nestjs/core/injector/instance-loader.js:40:13\n    at async Promise.all (index 1)\n    at TestingInstanceLoader.createInstances (/Users/erivan.silva/FootDash/backend/node_modules/@nestjs/core/injector/instance-loader.js:39:9)\n    at TestingInstanceLoader.createInstancesOfDependencies (/Users/erivan.silva/FootDash/backend/node_modules/@nestjs/core/injector/instance-loader.js:22:13)\n    at TestingInstanceLoader.createInstancesOfDependencies (/Users/erivan.silva/FootDash/backend/node_modules/@nestjs/testing/testing-instance-loader.js:9:9)\n    at TestingModuleBuilder.createInstancesOfDependencies (/Users/erivan.silva/FootDash/backend/node_modules/@nestjs/testing/testing-module.builder.js:118:9)\n    at TestingModuleBuilder.compile (/Users/erivan.silva/FootDash/backend/node_modules/@nestjs/testing/testing-module.builder.js:74:9)\n    at Object.<anonymous> (/Users/erivan.silva/FootDash/backend/src/football-api/football-api-cache.service.spec.ts:33:35)"],"fullName":"FootballApiCacheService should be defined","invocations":1,"location":null,"numPassingAsserts":0,"retryReasons":[],"status":"failed","title":"should be defined"},{"ancestorTitles":["FootballApiCacheService","Initialization"],"duration":2,"failureDetails":[{}],"failureMessages":["TypeError: ioredis_1.default is not a constructor\n    at new FootballApiCacheService (/Users/erivan.silva/FootDash/backend/src/football-api/football-api-cache.service.ts:35:20)\n    at TestingInjector.instantiateClass (/Users/erivan.silva/FootDash/backend/node_modules/@nestjs/core/injector/injector.js:418:19)\n    at callback (/Users/erivan.silva/FootDash/backend/node_modules/@nestjs/core/injector/injector.js:70:45)\n    at TestingInjector.resolveConstructorParams (/Users/erivan.silva/FootDash/backend/node_modules/@nestjs/core/injector/injector.js:170:24)\n    at TestingInjector.loadInstance (/Users/erivan.silva/FootDash/backend/node_modules/@nestjs/core/injector/injector.js:75:13)\n    at TestingInjector.loadProvider (/Users/erivan.silva/FootDash/backend/node_modules/@nestjs/core/injector/injector.js:103:9)\n    at /Users/erivan.silva/FootDash/backend/node_modules/@nestjs/core/injector/instance-loader.js:56:13\n    at async Promise.all (index 3)\n    at TestingInstanceLoader.createInstancesOfProviders (/Users/erivan.silva/FootDash/backend/node_modules/@nestjs/core/injector/instance-loader.js:55:9)\n    at /Users/erivan.silva/FootDash/backend/node_modules/@nestjs/core/injector/instance-loader.js:40:13\n    at async Promise.all (index 1)\n    at TestingInstanceLoader.createInstances (/Users/erivan.silva/FootDash/backend/node_modules/@nestjs/core/injector/instance-loader.js:39:9)\n    at TestingInstanceLoader.createInstancesOfDependencies (/Users/erivan.silva/FootDash/backend/node_modules/@nestjs/core/injector/instance-loader.js:22:13)\n    at TestingInstanceLoader.createInstancesOfDependencies (/Users/erivan.silva/FootDash/backend/node_modules/@nestjs/testing/testing-instance-loader.js:9:9)\n    at TestingModuleBuilder.createInstancesOfDependencies (/Users/erivan.silva/FootDash/backend/node_modules/@nestjs/testing/testing-module.builder.js:118:9)\n    at TestingModuleBuilder.compile (/Users/erivan.silva/FootDash/backend/node_modules/@nestjs/testing/testing-module.builder.js:74:9)\n    at Object.<anonymous> (/Users/erivan.silva/FootDash/backend/src/football-api/football-api-cache.service.spec.ts:33:35)"],"fullName":"FootballApiCacheService Initialization should connect to redis on module init if enabled","invocations":1,"location":null,"numPassingAsserts":0,"retryReasons":[],"status":"failed","title":"should connect to redis on module init if enabled"},{"ancestorTitles":["FootballApiCacheService","Initialization"],"duration":1,"failureDetails":[{}],"failureMessages":["TypeError: ioredis_1.default is not a constructor\n    at new FootballApiCacheService (/Users/erivan.silva/FootDash/backend/src/football-api/football-api-cache.service.ts:35:20)\n    at TestingInjector.instantiateClass (/Users/erivan.silva/FootDash/backend/node_modules/@nestjs/core/injector/injector.js:418:19)\n    at callback (/Users/erivan.silva/FootDash/backend/node_modules/@nestjs/core/injector/injector.js:70:45)\n    at TestingInjector.resolveConstructorParams (/Users/erivan.silva/FootDash/backend/node_modules/@nestjs/core/injector/injector.js:170:24)\n    at TestingInjector.loadInstance (/Users/erivan.silva/FootDash/backend/node_modules/@nestjs/core/injector/injector.js:75:13)\n    at TestingInjector.loadProvider (/Users/erivan.silva/FootDash/backend/node_modules/@nestjs/core/injector/injector.js:103:9)\n    at /Users/erivan.silva/FootDash/backend/node_modules/@nestjs/core/injector/instance-loader.js:56:13\n    at async Promise.all (index 3)\n    at TestingInstanceLoader.createInstancesOfProviders (/Users/erivan.silva/FootDash/backend/node_modules/@nestjs/core/injector/instance-loader.js:55:9)\n    at /Users/erivan.silva/FootDash/backend/node_modules/@nestjs/core/injector/instance-loader.js:40:13\n    at async Promise.all (index 1)\n    at TestingInstanceLoader.createInstances (/Users/erivan.silva/FootDash/backend/node_modules/@nestjs/core/injector/instance-loader.js:39:9)\n    at TestingInstanceLoader.createInstancesOfDependencies (/Users/erivan.silva/FootDash/backend/node_modules/@nestjs/core/injector/instance-loader.js:22:13)\n    at TestingInstanceLoader.createInstancesOfDependencies (/Users/erivan.silva/FootDash/backend/node_modules/@nestjs/testing/testing-instance-loader.js:9:9)\n    at TestingModuleBuilder.createInstancesOfDependencies (/Users/erivan.silva/FootDash/backend/node_modules/@nestjs/testing/testing-module.builder.js:118:9)\n    at TestingModuleBuilder.compile (/Users/erivan.silva/FootDash/backend/node_modules/@nestjs/testing/testing-module.builder.js:74:9)\n    at Object.<anonymous> (/Users/erivan.silva/FootDash/backend/src/football-api/football-api-cache.service.spec.ts:33:35)"],"fullName":"FootballApiCacheService Initialization should handle redis connection timeout","invocations":1,"location":null,"numPassingAsserts":0,"retryReasons":[],"status":"failed","title":"should handle redis connection timeout"},{"ancestorTitles":["FootballApiCacheService","Initialization"],"duration":1,"failureDetails":[{}],"failureMessages":["TypeError: ioredis_1.default is not a constructor\n    at new FootballApiCacheService (/Users/erivan.silva/FootDash/backend/src/football-api/football-api-cache.service.ts:35:20)\n    at TestingInjector.instantiateClass (/Users/erivan.silva/FootDash/backend/node_modules/@nestjs/core/injector/injector.js:418:19)\n    at callback (/Users/erivan.silva/FootDash/backend/node_modules/@nestjs/core/injector/injector.js:70:45)\n    at TestingInjector.resolveConstructorParams (/Users/erivan.silva/FootDash/backend/node_modules/@nestjs/core/injector/injector.js:170:24)\n    at TestingInjector.loadInstance (/Users/erivan.silva/FootDash/backend/node_modules/@nestjs/core/injector/injector.js:75:13)\n    at TestingInjector.loadProvider (/Users/erivan.silva/FootDash/backend/node_modules/@nestjs/core/injector/injector.js:103:9)\n    at /Users/erivan.silva/FootDash/backend/node_modules/@nestjs/core/injector/instance-loader.js:56:13\n    at async Promise.all (index 3)\n    at TestingInstanceLoader.createInstancesOfProviders (/Users/erivan.silva/FootDash/backend/node_modules/@nestjs/core/injector/instance-loader.js:55:9)\n    at /Users/erivan.silva/FootDash/backend/node_modules/@nestjs/core/injector/instance-loader.js:40:13\n    at async Promise.all (index 1)\n    at TestingInstanceLoader.createInstances (/Users/erivan.silva/FootDash/backend/node_modules/@nestjs/core/injector/instance-loader.js:39:9)\n    at TestingInstanceLoader.createInstancesOfDependencies (/Users/erivan.silva/FootDash/backend/node_modules/@nestjs/core/injector/instance-loader.js:22:13)\n    at TestingInstanceLoader.createInstancesOfDependencies (/Users/erivan.silva/FootDash/backend/node_modules/@nestjs/testing/testing-instance-loader.js:9:9)\n    at TestingModuleBuilder.createInstancesOfDependencies (/Users/erivan.silva/FootDash/backend/node_modules/@nestjs/testing/testing-module.builder.js:118:9)\n    at TestingModuleBuilder.compile (/Users/erivan.silva/FootDash/backend/node_modules/@nestjs/testing/testing-module.builder.js:74:9)\n    at Object.<anonymous> (/Users/erivan.silva/FootDash/backend/src/football-api/football-api-cache.service.spec.ts:33:35)"],"fullName":"FootballApiCacheService Initialization should handle redis connection error","invocations":1,"location":null,"numPassingAsserts":0,"retryReasons":[],"status":"failed","title":"should handle redis connection error"},{"ancestorTitles":["FootballApiCacheService","Initialization"],"duration":1,"failureDetails":[{}],"failureMessages":["TypeError: ioredis_1.default is not a constructor\n    at new FootballApiCacheService (/Users/erivan.silva/FootDash/backend/src/football-api/football-api-cache.service.ts:35:20)\n    at TestingInjector.instantiateClass (/Users/erivan.silva/FootDash/backend/node_modules/@nestjs/core/injector/injector.js:418:19)\n    at callback (/Users/erivan.silva/FootDash/backend/node_modules/@nestjs/core/injector/injector.js:70:45)\n    at TestingInjector.resolveConstructorParams (/Users/erivan.silva/FootDash/backend/node_modules/@nestjs/core/injector/injector.js:170:24)\n    at TestingInjector.loadInstance (/Users/erivan.silva/FootDash/backend/node_modules/@nestjs/core/injector/injector.js:75:13)\n    at TestingInjector.loadProvider (/Users/erivan.silva/FootDash/backend/node_modules/@nestjs/core/injector/injector.js:103:9)\n    at /Users/erivan.silva/FootDash/backend/node_modules/@nestjs/core/injector/instance-loader.js:56:13\n    at async Promise.all (index 3)\n    at TestingInstanceLoader.createInstancesOfProviders (/Users/erivan.silva/FootDash/backend/node_modules/@nestjs/core/injector/instance-loader.js:55:9)\n    at /Users/erivan.silva/FootDash/backend/node_modules/@nestjs/core/injector/instance-loader.js:40:13\n    at async Promise.all (index 1)\n    at TestingInstanceLoader.createInstances (/Users/erivan.silva/FootDash/backend/node_modules/@nestjs/core/injector/instance-loader.js:39:9)\n    at TestingInstanceLoader.createInstancesOfDependencies (/Users/erivan.silva/FootDash/backend/node_modules/@nestjs/core/injector/instance-loader.js:22:13)\n    at TestingInstanceLoader.createInstancesOfDependencies (/Users/erivan.silva/FootDash/backend/node_modules/@nestjs/testing/testing-instance-loader.js:9:9)\n    at TestingModuleBuilder.createInstancesOfDependencies (/Users/erivan.silva/FootDash/backend/node_modules/@nestjs/testing/testing-module.builder.js:118:9)\n    at TestingModuleBuilder.compile (/Users/erivan.silva/FootDash/backend/node_modules/@nestjs/testing/testing-module.builder.js:74:9)\n    at Object.<anonymous> (/Users/erivan.silva/FootDash/backend/src/football-api/football-api-cache.service.spec.ts:33:35)"],"fullName":"FootballApiCacheService Initialization should skip init if redis URL is missing","invocations":1,"location":null,"numPassingAsserts":0,"retryReasons":[],"status":"failed","title":"should skip init if redis URL is missing"},{"ancestorTitles":["FootballApiCacheService","Module Destroy"],"duration":2,"failureDetails":[{}],"failureMessages":["TypeError: ioredis_1.default is not a constructor\n    at new FootballApiCacheService (/Users/erivan.silva/FootDash/backend/src/football-api/football-api-cache.service.ts:35:20)\n    at TestingInjector.instantiateClass (/Users/erivan.silva/FootDash/backend/node_modules/@nestjs/core/injector/injector.js:418:19)\n    at callback (/Users/erivan.silva/FootDash/backend/node_modules/@nestjs/core/injector/injector.js:70:45)\n    at TestingInjector.resolveConstructorParams (/Users/erivan.silva/FootDash/backend/node_modules/@nestjs/core/injector/injector.js:170:24)\n    at TestingInjector.loadInstance (/Users/erivan.silva/FootDash/backend/node_modules/@nestjs/core/injector/injector.js:75:13)\n    at TestingInjector.loadProvider (/Users/erivan.silva/FootDash/backend/node_modules/@nestjs/core/injector/injector.js:103:9)\n    at /Users/erivan.silva/FootDash/backend/node_modules/@nestjs/core/injector/instance-loader.js:56:13\n    at async Promise.all (index 3)\n    at TestingInstanceLoader.createInstancesOfProviders (/Users/erivan.silva/FootDash/backend/node_modules/@nestjs/core/injector/instance-loader.js:55:9)\n    at /Users/erivan.silva/FootDash/backend/node_modules/@nestjs/core/injector/instance-loader.js:40:13\n    at async Promise.all (index 1)\n    at TestingInstanceLoader.createInstances (/Users/erivan.silva/FootDash/backend/node_modules/@nestjs/core/injector/instance-loader.js:39:9)\n    at TestingInstanceLoader.createInstancesOfDependencies (/Users/erivan.silva/FootDash/backend/node_modules/@nestjs/core/injector/instance-loader.js:22:13)\n    at TestingInstanceLoader.createInstancesOfDependencies (/Users/erivan.silva/FootDash/backend/node_modules/@nestjs/testing/testing-instance-loader.js:9:9)\n    at TestingModuleBuilder.createInstancesOfDependencies (/Users/erivan.silva/FootDash/backend/node_modules/@nestjs/testing/testing-module.builder.js:118:9)\n    at TestingModuleBuilder.compile (/Users/erivan.silva/FootDash/backend/node_modules/@nestjs/testing/testing-module.builder.js:74:9)\n    at Object.<anonymous> (/Users/erivan.silva/FootDash/backend/src/football-api/football-api-cache.service.spec.ts:33:35)"],"fullName":"FootballApiCacheService Module Destroy should quit redis on destroy","invocations":1,"location":null,"numPassingAsserts":0,"retryReasons":[],"status":"failed","title":"should quit redis on destroy"},{"ancestorTitles":["FootballApiCacheService","Cache Operations"],"duration":1,"failureDetails":[{}],"failureMessages":["TypeError: ioredis_1.default is not a constructor\n    at new FootballApiCacheService (/Users/erivan.silva/FootDash/backend/src/football-api/football-api-cache.service.ts:35:20)\n    at TestingInjector.instantiateClass (/Users/erivan.silva/FootDash/backend/node_modules/@nestjs/core/injector/injector.js:418:19)\n    at callback (/Users/erivan.silva/FootDash/backend/node_modules/@nestjs/core/injector/injector.js:70:45)\n    at TestingInjector.resolveConstructorParams (/Users/erivan.silva/FootDash/backend/node_modules/@nestjs/core/injector/injector.js:170:24)\n    at TestingInjector.loadInstance (/Users/erivan.silva/FootDash/backend/node_modules/@nestjs/core/injector/injector.js:75:13)\n    at TestingInjector.loadProvider (/Users/erivan.silva/FootDash/backend/node_modules/@nestjs/core/injector/injector.js:103:9)\n    at /Users/erivan.silva/FootDash/backend/node_modules/@nestjs/core/injector/instance-loader.js:56:13\n    at async Promise.all (index 3)\n    at TestingInstanceLoader.createInstancesOfProviders (/Users/erivan.silva/FootDash/backend/node_modules/@nestjs/core/injector/instance-loader.js:55:9)\n    at /Users/erivan.silva/FootDash/backend/node_modules/@nestjs/core/injector/instance-loader.js:40:13\n    at async Promise.all (index 1)\n    at TestingInstanceLoader.createInstances (/Users/erivan.silva/FootDash/backend/node_modules/@nestjs/core/injector/instance-loader.js:39:9)\n    at TestingInstanceLoader.createInstancesOfDependencies (/Users/erivan.silva/FootDash/backend/node_modules/@nestjs/core/injector/instance-loader.js:22:13)\n    at TestingInstanceLoader.createInstancesOfDependencies (/Users/erivan.silva/FootDash/backend/node_modules/@nestjs/testing/testing-instance-loader.js:9:9)\n    at TestingModuleBuilder.createInstancesOfDependencies (/Users/erivan.silva/FootDash/backend/node_modules/@nestjs/testing/testing-module.builder.js:118:9)\n    at TestingModuleBuilder.compile (/Users/erivan.silva/FootDash/backend/node_modules/@nestjs/testing/testing-module.builder.js:74:9)\n    at Object.<anonymous> (/Users/erivan.silva/FootDash/backend/src/football-api/football-api-cache.service.spec.ts:33:35)"],"fullName":"FootballApiCacheService Cache Operations should build deterministic key","invocations":1,"location":null,"numPassingAsserts":0,"retryReasons":[],"status":"failed","title":"should build deterministic key"},{"ancestorTitles":["FootballApiCacheService","Cache Operations"],"duration":1,"failureDetails":[{}],"failureMessages":["TypeError: ioredis_1.default is not a constructor\n    at new FootballApiCacheService (/Users/erivan.silva/FootDash/backend/src/football-api/football-api-cache.service.ts:35:20)\n    at TestingInjector.instantiateClass (/Users/erivan.silva/FootDash/backend/node_modules/@nestjs/core/injector/injector.js:418:19)\n    at callback (/Users/erivan.silva/FootDash/backend/node_modules/@nestjs/core/injector/injector.js:70:45)\n    at TestingInjector.resolveConstructorParams (/Users/erivan.silva/FootDash/backend/node_modules/@nestjs/core/injector/injector.js:170:24)\n    at TestingInjector.loadInstance (/Users/erivan.silva/FootDash/backend/node_modules/@nestjs/core/injector/injector.js:75:13)\n    at TestingInjector.loadProvider (/Users/erivan.silva/FootDash/backend/node_modules/@nestjs/core/injector/injector.js:103:9)\n    at /Users/erivan.silva/FootDash/backend/node_modules/@nestjs/core/injector/instance-loader.js:56:13\n    at async Promise.all (index 3)\n    at TestingInstanceLoader.createInstancesOfProviders (/Users/erivan.silva/FootDash/backend/node_modules/@nestjs/core/injector/instance-loader.js:55:9)\n    at /Users/erivan.silva/FootDash/backend/node_modules/@nestjs/core/injector/instance-loader.js:40:13\n    at async Promise.all (index 1)\n    at TestingInstanceLoader.createInstances (/Users/erivan.silva/FootDash/backend/node_modules/@nestjs/core/injector/instance-loader.js:39:9)\n    at TestingInstanceLoader.createInstancesOfDependencies (/Users/erivan.silva/FootDash/backend/node_modules/@nestjs/core/injector/instance-loader.js:22:13)\n    at TestingInstanceLoader.createInstancesOfDependencies (/Users/erivan.silva/FootDash/backend/node_modules/@nestjs/testing/testing-instance-loader.js:9:9)\n    at TestingModuleBuilder.createInstancesOfDependencies (/Users/erivan.silva/FootDash/backend/node_modules/@nestjs/testing/testing-module.builder.js:118:9)\n    at TestingModuleBuilder.compile (/Users/erivan.silva/FootDash/backend/node_modules/@nestjs/testing/testing-module.builder.js:74:9)\n    at Object.<anonymous> (/Users/erivan.silva/FootDash/backend/src/football-api/football-api-cache.service.spec.ts:33:35)"],"fullName":"FootballApiCacheService Cache Operations should get value from cache","invocations":1,"location":null,"numPassingAsserts":0,"retryReasons":[],"status":"failed","title":"should get value from cache"},{"ancestorTitles":["FootballApiCacheService","Cache Operations"],"duration":1,"failureDetails":[{}],"failureMessages":["TypeError: ioredis_1.default is not a constructor\n    at new FootballApiCacheService (/Users/erivan.silva/FootDash/backend/src/football-api/football-api-cache.service.ts:35:20)\n    at TestingInjector.instantiateClass (/Users/erivan.silva/FootDash/backend/node_modules/@nestjs/core/injector/injector.js:418:19)\n    at callback (/Users/erivan.silva/FootDash/backend/node_modules/@nestjs/core/injector/injector.js:70:45)\n    at TestingInjector.resolveConstructorParams (/Users/erivan.silva/FootDash/backend/node_modules/@nestjs/core/injector/injector.js:170:24)\n    at TestingInjector.loadInstance (/Users/erivan.silva/FootDash/backend/node_modules/@nestjs/core/injector/injector.js:75:13)\n    at TestingInjector.loadProvider (/Users/erivan.silva/FootDash/backend/node_modules/@nestjs/core/injector/injector.js:103:9)\n    at /Users/erivan.silva/FootDash/backend/node_modules/@nestjs/core/injector/instance-loader.js:56:13\n    at async Promise.all (index 3)\n    at TestingInstanceLoader.createInstancesOfProviders (/Users/erivan.silva/FootDash/backend/node_modules/@nestjs/core/injector/instance-loader.js:55:9)\n    at /Users/erivan.silva/FootDash/backend/node_modules/@nestjs/core/injector/instance-loader.js:40:13\n    at async Promise.all (index 1)\n    at TestingInstanceLoader.createInstances (/Users/erivan.silva/FootDash/backend/node_modules/@nestjs/core/injector/instance-loader.js:39:9)\n    at TestingInstanceLoader.createInstancesOfDependencies (/Users/erivan.silva/FootDash/backend/node_modules/@nestjs/core/injector/instance-loader.js:22:13)\n    at TestingInstanceLoader.createInstancesOfDependencies (/Users/erivan.silva/FootDash/backend/node_modules/@nestjs/testing/testing-instance-loader.js:9:9)\n    at TestingModuleBuilder.createInstancesOfDependencies (/Users/erivan.silva/FootDash/backend/node_modules/@nestjs/testing/testing-module.builder.js:118:9)\n    at TestingModuleBuilder.compile (/Users/erivan.silva/FootDash/backend/node_modules/@nestjs/testing/testing-module.builder.js:74:9)\n    at Object.<anonymous> (/Users/erivan.silva/FootDash/backend/src/football-api/football-api-cache.service.spec.ts:33:35)"],"fullName":"FootballApiCacheService Cache Operations should return null on cache miss","invocations":1,"location":null,"numPassingAsserts":0,"retryReasons":[],"status":"failed","title":"should return null on cache miss"},{"ancestorTitles":["FootballApiCacheService","Cache Operations"],"duration":1,"failureDetails":[{}],"failureMessages":["TypeError: ioredis_1.default is not a constructor\n    at new FootballApiCacheService (/Users/erivan.silva/FootDash/backend/src/football-api/football-api-cache.service.ts:35:20)\n    at TestingInjector.instantiateClass (/Users/erivan.silva/FootDash/backend/node_modules/@nestjs/core/injector/injector.js:418:19)\n    at callback (/Users/erivan.silva/FootDash/backend/node_modules/@nestjs/core/injector/injector.js:70:45)\n    at TestingInjector.resolveConstructorParams (/Users/erivan.silva/FootDash/backend/node_modules/@nestjs/core/injector/injector.js:170:24)\n    at TestingInjector.loadInstance (/Users/erivan.silva/FootDash/backend/node_modules/@nestjs/core/injector/injector.js:75:13)\n    at TestingInjector.loadProvider (/Users/erivan.silva/FootDash/backend/node_modules/@nestjs/core/injector/injector.js:103:9)\n    at /Users/erivan.silva/FootDash/backend/node_modules/@nestjs/core/injector/instance-loader.js:56:13\n    at async Promise.all (index 3)\n    at TestingInstanceLoader.createInstancesOfProviders (/Users/erivan.silva/FootDash/backend/node_modules/@nestjs/core/injector/instance-loader.js:55:9)\n    at /Users/erivan.silva/FootDash/backend/node_modules/@nestjs/core/injector/instance-loader.js:40:13\n    at async Promise.all (index 1)\n    at TestingInstanceLoader.createInstances (/Users/erivan.silva/FootDash/backend/node_modules/@nestjs/core/injector/instance-loader.js:39:9)\n    at TestingInstanceLoader.createInstancesOfDependencies (/Users/erivan.silva/FootDash/backend/node_modules/@nestjs/core/injector/instance-loader.js:22:13)\n    at TestingInstanceLoader.createInstancesOfDependencies (/Users/erivan.silva/FootDash/backend/node_modules/@nestjs/testing/testing-instance-loader.js:9:9)\n    at TestingModuleBuilder.createInstancesOfDependencies (/Users/erivan.silva/FootDash/backend/node_modules/@nestjs/testing/testing-module.builder.js:118:9)\n    at TestingModuleBuilder.compile (/Users/erivan.silva/FootDash/backend/node_modules/@nestjs/testing/testing-module.builder.js:74:9)\n    at Object.<anonymous> (/Users/erivan.silva/FootDash/backend/src/football-api/football-api-cache.service.spec.ts:33:35)"],"fullName":"FootballApiCacheService Cache Operations should return null and log warning on get error","invocations":1,"location":null,"numPassingAsserts":0,"retryReasons":[],"status":"failed","title":"should return null and log warning on get error"},{"ancestorTitles":["FootballApiCacheService","Cache Operations"],"duration":1,"failureDetails":[{}],"failureMessages":["TypeError: ioredis_1.default is not a constructor\n    at new FootballApiCacheService (/Users/erivan.silva/FootDash/backend/src/football-api/football-api-cache.service.ts:35:20)\n    at TestingInjector.instantiateClass (/Users/erivan.silva/FootDash/backend/node_modules/@nestjs/core/injector/injector.js:418:19)\n    at callback (/Users/erivan.silva/FootDash/backend/node_modules/@nestjs/core/injector/injector.js:70:45)\n    at TestingInjector.resolveConstructorParams (/Users/erivan.silva/FootDash/backend/node_modules/@nestjs/core/injector/injector.js:170:24)\n    at TestingInjector.loadInstance (/Users/erivan.silva/FootDash/backend/node_modules/@nestjs/core/injector/injector.js:75:13)\n    at TestingInjector.loadProvider (/Users/erivan.silva/FootDash/backend/node_modules/@nestjs/core/injector/injector.js:103:9)\n    at /Users/erivan.silva/FootDash/backend/node_modules/@nestjs/core/injector/instance-loader.js:56:13\n    at async Promise.all (index 3)\n    at TestingInstanceLoader.createInstancesOfProviders (/Users/erivan.silva/FootDash/backend/node_modules/@nestjs/core/injector/instance-loader.js:55:9)\n    at /Users/erivan.silva/FootDash/backend/node_modules/@nestjs/core/injector/instance-loader.js:40:13\n    at async Promise.all (index 1)\n    at TestingInstanceLoader.createInstances (/Users/erivan.silva/FootDash/backend/node_modules/@nestjs/core/injector/instance-loader.js:39:9)\n    at TestingInstanceLoader.createInstancesOfDependencies (/Users/erivan.silva/FootDash/backend/node_modules/@nestjs/core/injector/instance-loader.js:22:13)\n    at TestingInstanceLoader.createInstancesOfDependencies (/Users/erivan.silva/FootDash/backend/node_modules/@nestjs/testing/testing-instance-loader.js:9:9)\n    at TestingModuleBuilder.createInstancesOfDependencies (/Users/erivan.silva/FootDash/backend/node_modules/@nestjs/testing/testing-module.builder.js:118:9)\n    at TestingModuleBuilder.compile (/Users/erivan.silva/FootDash/backend/node_modules/@nestjs/testing/testing-module.builder.js:74:9)\n    at Object.<anonymous> (/Users/erivan.silva/FootDash/backend/src/football-api/football-api-cache.service.spec.ts:33:35)"],"fullName":"FootballApiCacheService Cache Operations should set value in cache","invocations":1,"location":null,"numPassingAsserts":0,"retryReasons":[],"status":"failed","title":"should set value in cache"},{"ancestorTitles":["FootballApiCacheService","Cache Operations"],"duration":1,"failureDetails":[{}],"failureMessages":["TypeError: ioredis_1.default is not a constructor\n    at new FootballApiCacheService (/Users/erivan.silva/FootDash/backend/src/football-api/football-api-cache.service.ts:35:20)\n    at TestingInjector.instantiateClass (/Users/erivan.silva/FootDash/backend/node_modules/@nestjs/core/injector/injector.js:418:19)\n    at callback (/Users/erivan.silva/FootDash/backend/node_modules/@nestjs/core/injector/injector.js:70:45)\n    at TestingInjector.resolveConstructorParams (/Users/erivan.silva/FootDash/backend/node_modules/@nestjs/core/injector/injector.js:170:24)\n    at TestingInjector.loadInstance (/Users/erivan.silva/FootDash/backend/node_modules/@nestjs/core/injector/injector.js:75:13)\n    at TestingInjector.loadProvider (/Users/erivan.silva/FootDash/backend/node_modules/@nestjs/core/injector/injector.js:103:9)\n    at /Users/erivan.silva/FootDash/backend/node_modules/@nestjs/core/injector/instance-loader.js:56:13\n    at async Promise.all (index 3)\n    at TestingInstanceLoader.createInstancesOfProviders (/Users/erivan.silva/FootDash/backend/node_modules/@nestjs/core/injector/instance-loader.js:55:9)\n    at /Users/erivan.silva/FootDash/backend/node_modules/@nestjs/core/injector/instance-loader.js:40:13\n    at async Promise.all (index 1)\n    at TestingInstanceLoader.createInstances (/Users/erivan.silva/FootDash/backend/node_modules/@nestjs/core/injector/instance-loader.js:39:9)\n    at TestingInstanceLoader.createInstancesOfDependencies (/Users/erivan.silva/FootDash/backend/node_modules/@nestjs/core/injector/instance-loader.js:22:13)\n    at TestingInstanceLoader.createInstancesOfDependencies (/Users/erivan.silva/FootDash/backend/node_modules/@nestjs/testing/testing-instance-loader.js:9:9)\n    at TestingModuleBuilder.createInstancesOfDependencies (/Users/erivan.silva/FootDash/backend/node_modules/@nestjs/testing/testing-module.builder.js:118:9)\n    at TestingModuleBuilder.compile (/Users/erivan.silva/FootDash/backend/node_modules/@nestjs/testing/testing-module.builder.js:74:9)\n    at Object.<anonymous> (/Users/erivan.silva/FootDash/backend/src/football-api/football-api-cache.service.spec.ts:33:35)"],"fullName":"FootballApiCacheService Cache Operations should use default TTL if not provided","invocations":1,"location":null,"numPassingAsserts":0,"retryReasons":[],"status":"failed","title":"should use default TTL if not provided"},{"ancestorTitles":["FootballApiCacheService","Cache Operations"],"duration":0,"failureDetails":[{}],"failureMessages":["TypeError: ioredis_1.default is not a constructor\n    at new FootballApiCacheService (/Users/erivan.silva/FootDash/backend/src/football-api/football-api-cache.service.ts:35:20)\n    at TestingInjector.instantiateClass (/Users/erivan.silva/FootDash/backend/node_modules/@nestjs/core/injector/injector.js:418:19)\n    at callback (/Users/erivan.silva/FootDash/backend/node_modules/@nestjs/core/injector/injector.js:70:45)\n    at TestingInjector.resolveConstructorParams (/Users/erivan.silva/FootDash/backend/node_modules/@nestjs/core/injector/injector.js:170:24)\n    at TestingInjector.loadInstance (/Users/erivan.silva/FootDash/backend/node_modules/@nestjs/core/injector/injector.js:75:13)\n    at TestingInjector.loadProvider (/Users/erivan.silva/FootDash/backend/node_modules/@nestjs/core/injector/injector.js:103:9)\n    at /Users/erivan.silva/FootDash/backend/node_modules/@nestjs/core/injector/instance-loader.js:56:13\n    at async Promise.all (index 3)\n    at TestingInstanceLoader.createInstancesOfProviders (/Users/erivan.silva/FootDash/backend/node_modules/@nestjs/core/injector/instance-loader.js:55:9)\n    at /Users/erivan.silva/FootDash/backend/node_modules/@nestjs/core/injector/instance-loader.js:40:13\n    at async Promise.all (index 1)\n    at TestingInstanceLoader.createInstances (/Users/erivan.silva/FootDash/backend/node_modules/@nestjs/core/injector/instance-loader.js:39:9)\n    at TestingInstanceLoader.createInstancesOfDependencies (/Users/erivan.silva/FootDash/backend/node_modules/@nestjs/core/injector/instance-loader.js:22:13)\n    at TestingInstanceLoader.createInstancesOfDependencies (/Users/erivan.silva/FootDash/backend/node_modules/@nestjs/testing/testing-instance-loader.js:9:9)\n    at TestingModuleBuilder.createInstancesOfDependencies (/Users/erivan.silva/FootDash/backend/node_modules/@nestjs/testing/testing-module.builder.js:118:9)\n    at TestingModuleBuilder.compile (/Users/erivan.silva/FootDash/backend/node_modules/@nestjs/testing/testing-module.builder.js:74:9)\n    at Object.<anonymous> (/Users/erivan.silva/FootDash/backend/src/football-api/football-api-cache.service.spec.ts:33:35)"],"fullName":"FootballApiCacheService Cache Operations should log warning on set error","invocations":1,"location":null,"numPassingAsserts":0,"retryReasons":[],"status":"failed","title":"should log warning on set error"},{"ancestorTitles":["FootballApiCacheService","Cache Operations"],"duration":0,"failureDetails":[{}],"failureMessages":["TypeError: ioredis_1.default is not a constructor\n    at new FootballApiCacheService (/Users/erivan.silva/FootDash/backend/src/football-api/football-api-cache.service.ts:35:20)\n    at TestingInjector.instantiateClass (/Users/erivan.silva/FootDash/backend/node_modules/@nestjs/core/injector/injector.js:418:19)\n    at callback (/Users/erivan.silva/FootDash/backend/node_modules/@nestjs/core/injector/injector.js:70:45)\n    at TestingInjector.resolveConstructorParams (/Users/erivan.silva/FootDash/backend/node_modules/@nestjs/core/injector/injector.js:170:24)\n    at TestingInjector.loadInstance (/Users/erivan.silva/FootDash/backend/node_modules/@nestjs/core/injector/injector.js:75:13)\n    at TestingInjector.loadProvider (/Users/erivan.silva/FootDash/backend/node_modules/@nestjs/core/injector/injector.js:103:9)\n    at /Users/erivan.silva/FootDash/backend/node_modules/@nestjs/core/injector/instance-loader.js:56:13\n    at async Promise.all (index 3)\n    at TestingInstanceLoader.createInstancesOfProviders (/Users/erivan.silva/FootDash/backend/node_modules/@nestjs/core/injector/instance-loader.js:55:9)\n    at /Users/erivan.silva/FootDash/backend/node_modules/@nestjs/core/injector/instance-loader.js:40:13\n    at async Promise.all (index 1)\n    at TestingInstanceLoader.createInstances (/Users/erivan.silva/FootDash/backend/node_modules/@nestjs/core/injector/instance-loader.js:39:9)\n    at TestingInstanceLoader.createInstancesOfDependencies (/Users/erivan.silva/FootDash/backend/node_modules/@nestjs/core/injector/instance-loader.js:22:13)\n    at TestingInstanceLoader.createInstancesOfDependencies (/Users/erivan.silva/FootDash/backend/node_modules/@nestjs/testing/testing-instance-loader.js:9:9)\n    at TestingModuleBuilder.createInstancesOfDependencies (/Users/erivan.silva/FootDash/backend/node_modules/@nestjs/testing/testing-module.builder.js:118:9)\n    at TestingModuleBuilder.compile (/Users/erivan.silva/FootDash/backend/node_modules/@nestjs/testing/testing-module.builder.js:74:9)\n    at Object.<anonymous> (/Users/erivan.silva/FootDash/backend/src/football-api/football-api-cache.service.spec.ts:33:35)"],"fullName":"FootballApiCacheService Cache Operations should delete key","invocations":1,"location":null,"numPassingAsserts":0,"retryReasons":[],"status":"failed","title":"should delete key"},{"ancestorTitles":["FootballApiCacheService","Cache Operations"],"duration":1,"failureDetails":[{}],"failureMessages":["TypeError: ioredis_1.default is not a constructor\n    at new FootballApiCacheService (/Users/erivan.silva/FootDash/backend/src/football-api/football-api-cache.service.ts:35:20)\n    at TestingInjector.instantiateClass (/Users/erivan.silva/FootDash/backend/node_modules/@nestjs/core/injector/injector.js:418:19)\n    at callback (/Users/erivan.silva/FootDash/backend/node_modules/@nestjs/core/injector/injector.js:70:45)\n    at TestingInjector.resolveConstructorParams (/Users/erivan.silva/FootDash/backend/node_modules/@nestjs/core/injector/injector.js:170:24)\n    at TestingInjector.loadInstance (/Users/erivan.silva/FootDash/backend/node_modules/@nestjs/core/injector/injector.js:75:13)\n    at TestingInjector.loadProvider (/Users/erivan.silva/FootDash/backend/node_modules/@nestjs/core/injector/injector.js:103:9)\n    at /Users/erivan.silva/FootDash/backend/node_modules/@nestjs/core/injector/instance-loader.js:56:13\n    at async Promise.all (index 3)\n    at TestingInstanceLoader.createInstancesOfProviders (/Users/erivan.silva/FootDash/backend/node_modules/@nestjs/core/injector/instance-loader.js:55:9)\n    at /Users/erivan.silva/FootDash/backend/node_modules/@nestjs/core/injector/instance-loader.js:40:13\n    at async Promise.all (index 1)\n    at TestingInstanceLoader.createInstances (/Users/erivan.silva/FootDash/backend/node_modules/@nestjs/core/injector/instance-loader.js:39:9)\n    at TestingInstanceLoader.createInstancesOfDependencies (/Users/erivan.silva/FootDash/backend/node_modules/@nestjs/core/injector/instance-loader.js:22:13)\n    at TestingInstanceLoader.createInstancesOfDependencies (/Users/erivan.silva/FootDash/backend/node_modules/@nestjs/testing/testing-instance-loader.js:9:9)\n    at TestingModuleBuilder.createInstancesOfDependencies (/Users/erivan.silva/FootDash/backend/node_modules/@nestjs/testing/testing-module.builder.js:118:9)\n    at TestingModuleBuilder.compile (/Users/erivan.silva/FootDash/backend/node_modules/@nestjs/testing/testing-module.builder.js:74:9)\n    at Object.<anonymous> (/Users/erivan.silva/FootDash/backend/src/football-api/football-api-cache.service.spec.ts:33:35)"],"fullName":"FootballApiCacheService Cache Operations should invalidate by pattern","invocations":1,"location":null,"numPassingAsserts":0,"retryReasons":[],"status":"failed","title":"should invalidate by pattern"},{"ancestorTitles":["FootballApiCacheService","Cache Operations"],"duration":1,"failureDetails":[{}],"failureMessages":["TypeError: ioredis_1.default is not a constructor\n    at new FootballApiCacheService (/Users/erivan.silva/FootDash/backend/src/football-api/football-api-cache.service.ts:35:20)\n    at TestingInjector.instantiateClass (/Users/erivan.silva/FootDash/backend/node_modules/@nestjs/core/injector/injector.js:418:19)\n    at callback (/Users/erivan.silva/FootDash/backend/node_modules/@nestjs/core/injector/injector.js:70:45)\n    at TestingInjector.resolveConstructorParams (/Users/erivan.silva/FootDash/backend/node_modules/@nestjs/core/injector/injector.js:170:24)\n    at TestingInjector.loadInstance (/Users/erivan.silva/FootDash/backend/node_modules/@nestjs/core/injector/injector.js:75:13)\n    at TestingInjector.loadProvider (/Users/erivan.silva/FootDash/backend/node_modules/@nestjs/core/injector/injector.js:103:9)\n    at /Users/erivan.silva/FootDash/backend/node_modules/@nestjs/core/injector/instance-loader.js:56:13\n    at async Promise.all (index 3)\n    at TestingInstanceLoader.createInstancesOfProviders (/Users/erivan.silva/FootDash/backend/node_modules/@nestjs/core/injector/instance-loader.js:55:9)\n    at /Users/erivan.silva/FootDash/backend/node_modules/@nestjs/core/injector/instance-loader.js:40:13\n    at async Promise.all (index 1)\n    at TestingInstanceLoader.createInstances (/Users/erivan.silva/FootDash/backend/node_modules/@nestjs/core/injector/instance-loader.js:39:9)\n    at TestingInstanceLoader.createInstancesOfDependencies (/Users/erivan.silva/FootDash/backend/node_modules/@nestjs/core/injector/instance-loader.js:22:13)\n    at TestingInstanceLoader.createInstancesOfDependencies (/Users/erivan.silva/FootDash/backend/node_modules/@nestjs/testing/testing-instance-loader.js:9:9)\n    at TestingModuleBuilder.createInstancesOfDependencies (/Users/erivan.silva/FootDash/backend/node_modules/@nestjs/testing/testing-module.builder.js:118:9)\n    at TestingModuleBuilder.compile (/Users/erivan.silva/FootDash/backend/node_modules/@nestjs/testing/testing-module.builder.js:74:9)\n    at Object.<anonymous> (/Users/erivan.silva/FootDash/backend/src/football-api/football-api-cache.service.spec.ts:33:35)"],"fullName":"FootballApiCacheService Cache Operations should return 0 if no keys match pattern","invocations":1,"location":null,"numPassingAsserts":0,"retryReasons":[],"status":"failed","title":"should return 0 if no keys match pattern"},{"ancestorTitles":["FootballApiCacheService","Stats and Availability"],"duration":1,"failureDetails":[{}],"failureMessages":["TypeError: ioredis_1.default is not a constructor\n    at new FootballApiCacheService (/Users/erivan.silva/FootDash/backend/src/football-api/football-api-cache.service.ts:35:20)\n    at TestingInjector.instantiateClass (/Users/erivan.silva/FootDash/backend/node_modules/@nestjs/core/injector/injector.js:418:19)\n    at callback (/Users/erivan.silva/FootDash/backend/node_modules/@nestjs/core/injector/injector.js:70:45)\n    at TestingInjector.resolveConstructorParams (/Users/erivan.silva/FootDash/backend/node_modules/@nestjs/core/injector/injector.js:170:24)\n    at TestingInjector.loadInstance (/Users/erivan.silva/FootDash/backend/node_modules/@nestjs/core/injector/injector.js:75:13)\n    at TestingInjector.loadProvider (/Users/erivan.silva/FootDash/backend/node_modules/@nestjs/core/injector/injector.js:103:9)\n    at /Users/erivan.silva/FootDash/backend/node_modules/@nestjs/core/injector/instance-loader.js:56:13\n    at async Promise.all (index 3)\n    at TestingInstanceLoader.createInstancesOfProviders (/Users/erivan.silva/FootDash/backend/node_modules/@nestjs/core/injector/instance-loader.js:55:9)\n    at /Users/erivan.silva/FootDash/backend/node_modules/@nestjs/core/injector/instance-loader.js:40:13\n    at async Promise.all (index 1)\n    at TestingInstanceLoader.createInstances (/Users/erivan.silva/FootDash/backend/node_modules/@nestjs/core/injector/instance-loader.js:39:9)\n    at TestingInstanceLoader.createInstancesOfDependencies (/Users/erivan.silva/FootDash/backend/node_modules/@nestjs/core/injector/instance-loader.js:22:13)\n    at TestingInstanceLoader.createInstancesOfDependencies (/Users/erivan.silva/FootDash/backend/node_modules/@nestjs/testing/testing-instance-loader.js:9:9)\n    at TestingModuleBuilder.createInstancesOfDependencies (/Users/erivan.silva/FootDash/backend/node_modules/@nestjs/testing/testing-module.builder.js:118:9)\n    at TestingModuleBuilder.compile (/Users/erivan.silva/FootDash/backend/node_modules/@nestjs/testing/testing-module.builder.js:74:9)\n    at Object.<anonymous> (/Users/erivan.silva/FootDash/backend/src/football-api/football-api-cache.service.spec.ts:33:35)"],"fullName":"FootballApiCacheService Stats and Availability should return stats when available","invocations":1,"location":null,"numPassingAsserts":0,"retryReasons":[],"status":"failed","title":"should return stats when available"},{"ancestorTitles":["FootballApiCacheService","Stats and Availability"],"duration":1,"failureDetails":[{}],"failureMessages":["TypeError: ioredis_1.default is not a constructor\n    at new FootballApiCacheService (/Users/erivan.silva/FootDash/backend/src/football-api/football-api-cache.service.ts:35:20)\n    at TestingInjector.instantiateClass (/Users/erivan.silva/FootDash/backend/node_modules/@nestjs/core/injector/injector.js:418:19)\n    at callback (/Users/erivan.silva/FootDash/backend/node_modules/@nestjs/core/injector/injector.js:70:45)\n    at TestingInjector.resolveConstructorParams (/Users/erivan.silva/FootDash/backend/node_modules/@nestjs/core/injector/injector.js:170:24)\n    at TestingInjector.loadInstance (/Users/erivan.silva/FootDash/backend/node_modules/@nestjs/core/injector/injector.js:75:13)\n    at TestingInjector.loadProvider (/Users/erivan.silva/FootDash/backend/node_modules/@nestjs/core/injector/injector.js:103:9)\n    at /Users/erivan.silva/FootDash/backend/node_modules/@nestjs/core/injector/instance-loader.js:56:13\n    at async Promise.all (index 3)\n    at TestingInstanceLoader.createInstancesOfProviders (/Users/erivan.silva/FootDash/backend/node_modules/@nestjs/core/injector/instance-loader.js:55:9)\n    at /Users/erivan.silva/FootDash/backend/node_modules/@nestjs/core/injector/instance-loader.js:40:13\n    at async Promise.all (index 1)\n    at TestingInstanceLoader.createInstances (/Users/erivan.silva/FootDash/backend/node_modules/@nestjs/core/injector/instance-loader.js:39:9)\n    at TestingInstanceLoader.createInstancesOfDependencies (/Users/erivan.silva/FootDash/backend/node_modules/@nestjs/core/injector/instance-loader.js:22:13)\n    at TestingInstanceLoader.createInstancesOfDependencies (/Users/erivan.silva/FootDash/backend/node_modules/@nestjs/testing/testing-instance-loader.js:9:9)\n    at TestingModuleBuilder.createInstancesOfDependencies (/Users/erivan.silva/FootDash/backend/node_modules/@nestjs/testing/testing-module.builder.js:118:9)\n    at TestingModuleBuilder.compile (/Users/erivan.silva/FootDash/backend/node_modules/@nestjs/testing/testing-module.builder.js:74:9)\n    at Object.<anonymous> (/Users/erivan.silva/FootDash/backend/src/football-api/football-api-cache.service.spec.ts:33:35)"],"fullName":"FootballApiCacheService Stats and Availability should return default memory if regex fails","invocations":1,"location":null,"numPassingAsserts":0,"retryReasons":[],"status":"failed","title":"should return default memory if regex fails"},{"ancestorTitles":["FootballApiCacheService","Stats and Availability"],"duration":1,"failureDetails":[{}],"failureMessages":["TypeError: ioredis_1.default is not a constructor\n    at new FootballApiCacheService (/Users/erivan.silva/FootDash/backend/src/football-api/football-api-cache.service.ts:35:20)\n    at TestingInjector.instantiateClass (/Users/erivan.silva/FootDash/backend/node_modules/@nestjs/core/injector/injector.js:418:19)\n    at callback (/Users/erivan.silva/FootDash/backend/node_modules/@nestjs/core/injector/injector.js:70:45)\n    at TestingInjector.resolveConstructorParams (/Users/erivan.silva/FootDash/backend/node_modules/@nestjs/core/injector/injector.js:170:24)\n    at TestingInjector.loadInstance (/Users/erivan.silva/FootDash/backend/node_modules/@nestjs/core/injector/injector.js:75:13)\n    at TestingInjector.loadProvider (/Users/erivan.silva/FootDash/backend/node_modules/@nestjs/core/injector/injector.js:103:9)\n    at /Users/erivan.silva/FootDash/backend/node_modules/@nestjs/core/injector/instance-loader.js:56:13\n    at async Promise.all (index 3)\n    at TestingInstanceLoader.createInstancesOfProviders (/Users/erivan.silva/FootDash/backend/node_modules/@nestjs/core/injector/instance-loader.js:55:9)\n    at /Users/erivan.silva/FootDash/backend/node_modules/@nestjs/core/injector/instance-loader.js:40:13\n    at async Promise.all (index 1)\n    at TestingInstanceLoader.createInstances (/Users/erivan.silva/FootDash/backend/node_modules/@nestjs/core/injector/instance-loader.js:39:9)\n    at TestingInstanceLoader.createInstancesOfDependencies (/Users/erivan.silva/FootDash/backend/node_modules/@nestjs/core/injector/instance-loader.js:22:13)\n    at TestingInstanceLoader.createInstancesOfDependencies (/Users/erivan.silva/FootDash/backend/node_modules/@nestjs/testing/testing-instance-loader.js:9:9)\n    at TestingModuleBuilder.createInstancesOfDependencies (/Users/erivan.silva/FootDash/backend/node_modules/@nestjs/testing/testing-module.builder.js:118:9)\n    at TestingModuleBuilder.compile (/Users/erivan.silva/FootDash/backend/node_modules/@nestjs/testing/testing-module.builder.js:74:9)\n    at Object.<anonymous> (/Users/erivan.silva/FootDash/backend/src/football-api/football-api-cache.service.spec.ts:33:35)"],"fullName":"FootballApiCacheService Stats and Availability should return unavailable stats if redis error","invocations":1,"location":null,"numPassingAsserts":0,"retryReasons":[],"status":"failed","title":"should return unavailable stats if redis error"},{"ancestorTitles":["FootballApiCacheService","Stats and Availability"],"duration":1,"failureDetails":[{}],"failureMessages":["TypeError: ioredis_1.default is not a constructor\n    at new FootballApiCacheService (/Users/erivan.silva/FootDash/backend/src/football-api/football-api-cache.service.ts:35:20)\n    at TestingInjector.instantiateClass (/Users/erivan.silva/FootDash/backend/node_modules/@nestjs/core/injector/injector.js:418:19)\n    at callback (/Users/erivan.silva/FootDash/backend/node_modules/@nestjs/core/injector/injector.js:70:45)\n    at TestingInjector.resolveConstructorParams (/Users/erivan.silva/FootDash/backend/node_modules/@nestjs/core/injector/injector.js:170:24)\n    at TestingInjector.loadInstance (/Users/erivan.silva/FootDash/backend/node_modules/@nestjs/core/injector/injector.js:75:13)\n    at TestingInjector.loadProvider (/Users/erivan.silva/FootDash/backend/node_modules/@nestjs/core/injector/injector.js:103:9)\n    at /Users/erivan.silva/FootDash/backend/node_modules/@nestjs/core/injector/instance-loader.js:56:13\n    at async Promise.all (index 3)\n    at TestingInstanceLoader.createInstancesOfProviders (/Users/erivan.silva/FootDash/backend/node_modules/@nestjs/core/injector/instance-loader.js:55:9)\n    at /Users/erivan.silva/FootDash/backend/node_modules/@nestjs/core/injector/instance-loader.js:40:13\n    at async Promise.all (index 1)\n    at TestingInstanceLoader.createInstances (/Users/erivan.silva/FootDash/backend/node_modules/@nestjs/core/injector/instance-loader.js:39:9)\n    at TestingInstanceLoader.createInstancesOfDependencies (/Users/erivan.silva/FootDash/backend/node_modules/@nestjs/core/injector/instance-loader.js:22:13)\n    at TestingInstanceLoader.createInstancesOfDependencies (/Users/erivan.silva/FootDash/backend/node_modules/@nestjs/testing/testing-instance-loader.js:9:9)\n    at TestingModuleBuilder.createInstancesOfDependencies (/Users/erivan.silva/FootDash/backend/node_modules/@nestjs/testing/testing-module.builder.js:118:9)\n    at TestingModuleBuilder.compile (/Users/erivan.silva/FootDash/backend/node_modules/@nestjs/testing/testing-module.builder.js:74:9)\n    at Object.<anonymous> (/Users/erivan.silva/FootDash/backend/src/football-api/football-api-cache.service.spec.ts:33:35)"],"fullName":"FootballApiCacheService Stats and Availability should return unavailable if redis not initialized","invocations":1,"location":null,"numPassingAsserts":0,"retryReasons":[],"status":"failed","title":"should return unavailable if redis not initialized"}],"endTime":1773593173886,"message":"  ● FootballApiCacheService › should be defined\n\n    TypeError: ioredis_1.default is not a constructor\n\n      33 |\n      34 |     if (this.enabled) {\n    > 35 |       this.redis = new Redis(redisUrl!, {\n         |                    ^\n      36 |         lazyConnect: true,\n      37 |         connectTimeout: this.connectTimeoutMs,\n      38 |         maxRetriesPerRequest: 2,\n\n      at new FootballApiCacheService (football-api/football-api-cache.service.ts:35:20)\n      at TestingInjector.instantiateClass (../node_modules/@nestjs/core/injector/injector.js:418:19)\n      at callback (../node_modules/@nestjs/core/injector/injector.js:70:45)\n      at TestingInjector.resolveConstructorParams (../node_modules/@nestjs/core/injector/injector.js:170:24)\n      at TestingInjector.loadInstance (../node_modules/@nestjs/core/injector/injector.js:75:13)\n      at TestingInjector.loadProvider (../node_modules/@nestjs/core/injector/injector.js:103:9)\n      at ../node_modules/@nestjs/core/injector/instance-loader.js:56:13\n          at async Promise.all (index 3)\n      at TestingInstanceLoader.createInstancesOfProviders (../node_modules/@nestjs/core/injector/instance-loader.js:55:9)\n      at ../node_modules/@nestjs/core/injector/instance-loader.js:40:13\n          at async Promise.all (index 1)\n      at TestingInstanceLoader.createInstances (../node_modules/@nestjs/core/injector/instance-loader.js:39:9)\n      at TestingInstanceLoader.createInstancesOfDependencies (../node_modules/@nestjs/core/injector/instance-loader.js:22:13)\n      at TestingInstanceLoader.createInstancesOfDependencies (../node_modules/@nestjs/testing/testing-instance-loader.js:9:9)\n      at TestingModuleBuilder.createInstancesOfDependencies (../node_modules/@nestjs/testing/testing-module.builder.js:118:9)\n      at TestingModuleBuilder.compile (../node_modules/@nestjs/testing/testing-module.builder.js:74:9)\n      at Object.<anonymous> (football-api/football-api-cache.service.spec.ts:33:35)\n\n  ● FootballApiCacheService › Initialization › should connect to redis on module init if enabled\n\n    TypeError: ioredis_1.default is not a constructor\n\n      33 |\n      34 |     if (this.enabled) {\n    > 35 |       this.redis = new Redis(redisUrl!, {\n         |                    ^\n      36 |         lazyConnect: true,\n      37 |         connectTimeout: this.connectTimeoutMs,\n      38 |         maxRetriesPerRequest: 2,\n\n      at new FootballApiCacheService (football-api/football-api-cache.service.ts:35:20)\n      at TestingInjector.instantiateClass (../node_modules/@nestjs/core/injector/injector.js:418:19)\n      at callback (../node_modules/@nestjs/core/injector/injector.js:70:45)\n      at TestingInjector.resolveConstructorParams (../node_modules/@nestjs/core/injector/injector.js:170:24)\n      at TestingInjector.loadInstance (../node_modules/@nestjs/core/injector/injector.js:75:13)\n      at TestingInjector.loadProvider (../node_modules/@nestjs/core/injector/injector.js:103:9)\n      at ../node_modules/@nestjs/core/injector/instance-loader.js:56:13\n          at async Promise.all (index 3)\n      at TestingInstanceLoader.createInstancesOfProviders (../node_modules/@nestjs/core/injector/instance-loader.js:55:9)\n      at ../node_modules/@nestjs/core/injector/instance-loader.js:40:13\n          at async Promise.all (index 1)\n      at TestingInstanceLoader.createInstances (../node_modules/@nestjs/core/injector/instance-loader.js:39:9)\n      at TestingInstanceLoader.createInstancesOfDependencies (../node_modules/@nestjs/core/injector/instance-loader.js:22:13)\n      at TestingInstanceLoader.createInstancesOfDependencies (../node_modules/@nestjs/testing/testing-instance-loader.js:9:9)\n      at TestingModuleBuilder.createInstancesOfDependencies (../node_modules/@nestjs/testing/testing-module.builder.js:118:9)\n      at TestingModuleBuilder.compile (../node_modules/@nestjs/testing/testing-module.builder.js:74:9)\n      at Object.<anonymous> (football-api/football-api-cache.service.spec.ts:33:35)\n\n  ● FootballApiCacheService › Initialization › should handle redis connection timeout\n\n    TypeError: ioredis_1.default is not a constructor\n\n      33 |\n      34 |     if (this.enabled) {\n    > 35 |       this.redis = new Redis(redisUrl!, {\n         |                    ^\n      36 |         lazyConnect: true,\n      37 |         connectTimeout: this.connectTimeoutMs,\n      38 |         maxRetriesPerRequest: 2,\n\n      at new FootballApiCacheService (football-api/football-api-cache.service.ts:35:20)\n      at TestingInjector.instantiateClass (../node_modules/@nestjs/core/injector/injector.js:418:19)\n      at callback (../node_modules/@nestjs/core/injector/injector.js:70:45)\n      at TestingInjector.resolveConstructorParams (../node_modules/@nestjs/core/injector/injector.js:170:24)\n      at TestingInjector.loadInstance (../node_modules/@nestjs/core/injector/injector.js:75:13)\n      at TestingInjector.loadProvider (../node_modules/@nestjs/core/injector/injector.js:103:9)\n      at ../node_modules/@nestjs/core/injector/instance-loader.js:56:13\n          at async Promise.all (index 3)\n      at TestingInstanceLoader.createInstancesOfProviders (../node_modules/@nestjs/core/injector/instance-loader.js:55:9)\n      at ../node_modules/@nestjs/core/injector/instance-loader.js:40:13\n          at async Promise.all (index 1)\n      at TestingInstanceLoader.createInstances (../node_modules/@nestjs/core/injector/instance-loader.js:39:9)\n      at TestingInstanceLoader.createInstancesOfDependencies (../node_modules/@nestjs/core/injector/instance-loader.js:22:13)\n      at TestingInstanceLoader.createInstancesOfDependencies (../node_modules/@nestjs/testing/testing-instance-loader.js:9:9)\n      at TestingModuleBuilder.createInstancesOfDependencies (../node_modules/@nestjs/testing/testing-module.builder.js:118:9)\n      at TestingModuleBuilder.compile (../node_modules/@nestjs/testing/testing-module.builder.js:74:9)\n      at Object.<anonymous> (football-api/football-api-cache.service.spec.ts:33:35)\n\n  ● FootballApiCacheService › Initialization › should handle redis connection error\n\n    TypeError: ioredis_1.default is not a constructor\n\n      33 |\n      34 |     if (this.enabled) {\n    > 35 |       this.redis = new Redis(redisUrl!, {\n         |                    ^\n      36 |         lazyConnect: true,\n      37 |         connectTimeout: this.connectTimeoutMs,\n      38 |         maxRetriesPerRequest: 2,\n\n      at new FootballApiCacheService (football-api/football-api-cache.service.ts:35:20)\n      at TestingInjector.instantiateClass (../node_modules/@nestjs/core/injector/injector.js:418:19)\n      at callback (../node_modules/@nestjs/core/injector/injector.js:70:45)\n      at TestingInjector.resolveConstructorParams (../node_modules/@nestjs/core/injector/injector.js:170:24)\n      at TestingInjector.loadInstance (../node_modules/@nestjs/core/injector/injector.js:75:13)\n      at TestingInjector.loadProvider (../node_modules/@nestjs/core/injector/injector.js:103:9)\n      at ../node_modules/@nestjs/core/injector/instance-loader.js:56:13\n          at async Promise.all (index 3)\n      at TestingInstanceLoader.createInstancesOfProviders (../node_modules/@nestjs/core/injector/instance-loader.js:55:9)\n      at ../node_modules/@nestjs/core/injector/instance-loader.js:40:13\n          at async Promise.all (index 1)\n      at TestingInstanceLoader.createInstances (../node_modules/@nestjs/core/injector/instance-loader.js:39:9)\n      at TestingInstanceLoader.createInstancesOfDependencies (../node_modules/@nestjs/core/injector/instance-loader.js:22:13)\n      at TestingInstanceLoader.createInstancesOfDependencies (../node_modules/@nestjs/testing/testing-instance-loader.js:9:9)\n      at TestingModuleBuilder.createInstancesOfDependencies (../node_modules/@nestjs/testing/testing-module.builder.js:118:9)\n      at TestingModuleBuilder.compile (../node_modules/@nestjs/testing/testing-module.builder.js:74:9)\n      at Object.<anonymous> (football-api/football-api-cache.service.spec.ts:33:35)\n\n  ● FootballApiCacheService › Initialization › should skip init if redis URL is missing\n\n    TypeError: ioredis_1.default is not a constructor\n\n      33 |\n      34 |     if (this.enabled) {\n    > 35 |       this.redis = new Redis(redisUrl!, {\n         |                    ^\n      36 |         lazyConnect: true,\n      37 |         connectTimeout: this.connectTimeoutMs,\n      38 |         maxRetriesPerRequest: 2,\n\n      at new FootballApiCacheService (football-api/football-api-cache.service.ts:35:20)\n      at TestingInjector.instantiateClass (../node_modules/@nestjs/core/injector/injector.js:418:19)\n      at callback (../node_modules/@nestjs/core/injector/injector.js:70:45)\n      at TestingInjector.resolveConstructorParams (../node_modules/@nestjs/core/injector/injector.js:170:24)\n      at TestingInjector.loadInstance (../node_modules/@nestjs/core/injector/injector.js:75:13)\n      at TestingInjector.loadProvider (../node_modules/@nestjs/core/injector/injector.js:103:9)\n      at ../node_modules/@nestjs/core/injector/instance-loader.js:56:13\n          at async Promise.all (index 3)\n      at TestingInstanceLoader.createInstancesOfProviders (../node_modules/@nestjs/core/injector/instance-loader.js:55:9)\n      at ../node_modules/@nestjs/core/injector/instance-loader.js:40:13\n          at async Promise.all (index 1)\n      at TestingInstanceLoader.createInstances (../node_modules/@nestjs/core/injector/instance-loader.js:39:9)\n      at TestingInstanceLoader.createInstancesOfDependencies (../node_modules/@nestjs/core/injector/instance-loader.js:22:13)\n      at TestingInstanceLoader.createInstancesOfDependencies (../node_modules/@nestjs/testing/testing-instance-loader.js:9:9)\n      at TestingModuleBuilder.createInstancesOfDependencies (../node_modules/@nestjs/testing/testing-module.builder.js:118:9)\n      at TestingModuleBuilder.compile (../node_modules/@nestjs/testing/testing-module.builder.js:74:9)\n      at Object.<anonymous> (football-api/football-api-cache.service.spec.ts:33:35)\n\n  ● FootballApiCacheService › Module Destroy › should quit redis on destroy\n\n    TypeError: ioredis_1.default is not a constructor\n\n      33 |\n      34 |     if (this.enabled) {\n    > 35 |       this.redis = new Redis(redisUrl!, {\n         |                    ^\n      36 |         lazyConnect: true,\n      37 |         connectTimeout: this.connectTimeoutMs,\n      38 |         maxRetriesPerRequest: 2,\n\n      at new FootballApiCacheService (football-api/football-api-cache.service.ts:35:20)\n      at TestingInjector.instantiateClass (../node_modules/@nestjs/core/injector/injector.js:418:19)\n      at callback (../node_modules/@nestjs/core/injector/injector.js:70:45)\n      at TestingInjector.resolveConstructorParams (../node_modules/@nestjs/core/injector/injector.js:170:24)\n      at TestingInjector.loadInstance (../node_modules/@nestjs/core/injector/injector.js:75:13)\n      at TestingInjector.loadProvider (../node_modules/@nestjs/core/injector/injector.js:103:9)\n      at ../node_modules/@nestjs/core/injector/instance-loader.js:56:13\n          at async Promise.all (index 3)\n      at TestingInstanceLoader.createInstancesOfProviders (../node_modules/@nestjs/core/injector/instance-loader.js:55:9)\n      at ../node_modules/@nestjs/core/injector/instance-loader.js:40:13\n          at async Promise.all (index 1)\n      at TestingInstanceLoader.createInstances (../node_modules/@nestjs/core/injector/instance-loader.js:39:9)\n      at TestingInstanceLoader.createInstancesOfDependencies (../node_modules/@nestjs/core/injector/instance-loader.js:22:13)\n      at TestingInstanceLoader.createInstancesOfDependencies (../node_modules/@nestjs/testing/testing-instance-loader.js:9:9)\n      at TestingModuleBuilder.createInstancesOfDependencies (../node_modules/@nestjs/testing/testing-module.builder.js:118:9)\n      at TestingModuleBuilder.compile (../node_modules/@nestjs/testing/testing-module.builder.js:74:9)\n      at Object.<anonymous> (football-api/football-api-cache.service.spec.ts:33:35)\n\n  ● FootballApiCacheService › Cache Operations › should build deterministic key\n\n    TypeError: ioredis_1.default is not a constructor\n\n      33 |\n      34 |     if (this.enabled) {\n    > 35 |       this.redis = new Redis(redisUrl!, {\n         |                    ^\n      36 |         lazyConnect: true,\n      37 |         connectTimeout: this.connectTimeoutMs,\n      38 |         maxRetriesPerRequest: 2,\n\n      at new FootballApiCacheService (football-api/football-api-cache.service.ts:35:20)\n      at TestingInjector.instantiateClass (../node_modules/@nestjs/core/injector/injector.js:418:19)\n      at callback (../node_modules/@nestjs/core/injector/injector.js:70:45)\n      at TestingInjector.resolveConstructorParams (../node_modules/@nestjs/core/injector/injector.js:170:24)\n      at TestingInjector.loadInstance (../node_modules/@nestjs/core/injector/injector.js:75:13)\n      at TestingInjector.loadProvider (../node_modules/@nestjs/core/injector/injector.js:103:9)\n      at ../node_modules/@nestjs/core/injector/instance-loader.js:56:13\n          at async Promise.all (index 3)\n      at TestingInstanceLoader.createInstancesOfProviders (../node_modules/@nestjs/core/injector/instance-loader.js:55:9)\n      at ../node_modules/@nestjs/core/injector/instance-loader.js:40:13\n          at async Promise.all (index 1)\n      at TestingInstanceLoader.createInstances (../node_modules/@nestjs/core/injector/instance-loader.js:39:9)\n      at TestingInstanceLoader.createInstancesOfDependencies (../node_modules/@nestjs/core/injector/instance-loader.js:22:13)\n      at TestingInstanceLoader.createInstancesOfDependencies (../node_modules/@nestjs/testing/testing-instance-loader.js:9:9)\n      at TestingModuleBuilder.createInstancesOfDependencies (../node_modules/@nestjs/testing/testing-module.builder.js:118:9)\n      at TestingModuleBuilder.compile (../node_modules/@nestjs/testing/testing-module.builder.js:74:9)\n      at Object.<anonymous> (football-api/football-api-cache.service.spec.ts:33:35)\n\n  ● FootballApiCacheService › Cache Operations › should get value from cache\n\n    TypeError: ioredis_1.default is not a constructor\n\n      33 |\n      34 |     if (this.enabled) {\n    > 35 |       this.redis = new Redis(redisUrl!, {\n         |                    ^\n      36 |         lazyConnect: true,\n      37 |         connectTimeout: this.connectTimeoutMs,\n      38 |         maxRetriesPerRequest: 2,\n\n      at new FootballApiCacheService (football-api/football-api-cache.service.ts:35:20)\n      at TestingInjector.instantiateClass (../node_modules/@nestjs/core/injector/injector.js:418:19)\n      at callback (../node_modules/@nestjs/core/injector/injector.js:70:45)\n      at TestingInjector.resolveConstructorParams (../node_modules/@nestjs/core/injector/injector.js:170:24)\n      at TestingInjector.loadInstance (../node_modules/@nestjs/core/injector/injector.js:75:13)\n      at TestingInjector.loadProvider (../node_modules/@nestjs/core/injector/injector.js:103:9)\n      at ../node_modules/@nestjs/core/injector/instance-loader.js:56:13\n          at async Promise.all (index 3)\n      at TestingInstanceLoader.createInstancesOfProviders (../node_modules/@nestjs/core/injector/instance-loader.js:55:9)\n      at ../node_modules/@nestjs/core/injector/instance-loader.js:40:13\n          at async Promise.all (index 1)\n      at TestingInstanceLoader.createInstances (../node_modules/@nestjs/core/injector/instance-loader.js:39:9)\n      at TestingInstanceLoader.createInstancesOfDependencies (../node_modules/@nestjs/core/injector/instance-loader.js:22:13)\n      at TestingInstanceLoader.createInstancesOfDependencies (../node_modules/@nestjs/testing/testing-instance-loader.js:9:9)\n      at TestingModuleBuilder.createInstancesOfDependencies (../node_modules/@nestjs/testing/testing-module.builder.js:118:9)\n      at TestingModuleBuilder.compile (../node_modules/@nestjs/testing/testing-module.builder.js:74:9)\n      at Object.<anonymous> (football-api/football-api-cache.service.spec.ts:33:35)\n\n  ● FootballApiCacheService › Cache Operations › should return null on cache miss\n\n    TypeError: ioredis_1.default is not a constructor\n\n      33 |\n      34 |     if (this.enabled) {\n    > 35 |       this.redis = new Redis(redisUrl!, {\n         |                    ^\n      36 |         lazyConnect: true,\n      37 |         connectTimeout: this.connectTimeoutMs,\n      38 |         maxRetriesPerRequest: 2,\n\n      at new FootballApiCacheService (football-api/football-api-cache.service.ts:35:20)\n      at TestingInjector.instantiateClass (../node_modules/@nestjs/core/injector/injector.js:418:19)\n      at callback (../node_modules/@nestjs/core/injector/injector.js:70:45)\n      at TestingInjector.resolveConstructorParams (../node_modules/@nestjs/core/injector/injector.js:170:24)\n      at TestingInjector.loadInstance (../node_modules/@nestjs/core/injector/injector.js:75:13)\n      at TestingInjector.loadProvider (../node_modules/@nestjs/core/injector/injector.js:103:9)\n      at ../node_modules/@nestjs/core/injector/instance-loader.js:56:13\n          at async Promise.all (index 3)\n      at TestingInstanceLoader.createInstancesOfProviders (../node_modules/@nestjs/core/injector/instance-loader.js:55:9)\n      at ../node_modules/@nestjs/core/injector/instance-loader.js:40:13\n          at async Promise.all (index 1)\n      at TestingInstanceLoader.createInstances (../node_modules/@nestjs/core/injector/instance-loader.js:39:9)\n      at TestingInstanceLoader.createInstancesOfDependencies (../node_modules/@nestjs/core/injector/instance-loader.js:22:13)\n      at TestingInstanceLoader.createInstancesOfDependencies (../node_modules/@nestjs/testing/testing-instance-loader.js:9:9)\n      at TestingModuleBuilder.createInstancesOfDependencies (../node_modules/@nestjs/testing/testing-module.builder.js:118:9)\n      at TestingModuleBuilder.compile (../node_modules/@nestjs/testing/testing-module.builder.js:74:9)\n      at Object.<anonymous> (football-api/football-api-cache.service.spec.ts:33:35)\n\n  ● FootballApiCacheService › Cache Operations › should return null and log warning on get error\n\n    TypeError: ioredis_1.default is not a constructor\n\n      33 |\n      34 |     if (this.enabled) {\n    > 35 |       this.redis = new Redis(redisUrl!, {\n         |                    ^\n      36 |         lazyConnect: true,\n      37 |         connectTimeout: this.connectTimeoutMs,\n      38 |         maxRetriesPerRequest: 2,\n\n      at new FootballApiCacheService (football-api/football-api-cache.service.ts:35:20)\n      at TestingInjector.instantiateClass (../node_modules/@nestjs/core/injector/injector.js:418:19)\n      at callback (../node_modules/@nestjs/core/injector/injector.js:70:45)\n      at TestingInjector.resolveConstructorParams (../node_modules/@nestjs/core/injector/injector.js:170:24)\n      at TestingInjector.loadInstance (../node_modules/@nestjs/core/injector/injector.js:75:13)\n      at TestingInjector.loadProvider (../node_modules/@nestjs/core/injector/injector.js:103:9)\n      at ../node_modules/@nestjs/core/injector/instance-loader.js:56:13\n          at async Promise.all (index 3)\n      at TestingInstanceLoader.createInstancesOfProviders (../node_modules/@nestjs/core/injector/instance-loader.js:55:9)\n      at ../node_modules/@nestjs/core/injector/instance-loader.js:40:13\n          at async Promise.all (index 1)\n      at TestingInstanceLoader.createInstances (../node_modules/@nestjs/core/injector/instance-loader.js:39:9)\n      at TestingInstanceLoader.createInstancesOfDependencies (../node_modules/@nestjs/core/injector/instance-loader.js:22:13)\n      at TestingInstanceLoader.createInstancesOfDependencies (../node_modules/@nestjs/testing/testing-instance-loader.js:9:9)\n      at TestingModuleBuilder.createInstancesOfDependencies (../node_modules/@nestjs/testing/testing-module.builder.js:118:9)\n      at TestingModuleBuilder.compile (../node_modules/@nestjs/testing/testing-module.builder.js:74:9)\n      at Object.<anonymous> (football-api/football-api-cache.service.spec.ts:33:35)\n\n  ● FootballApiCacheService › Cache Operations › should set value in cache\n\n    TypeError: ioredis_1.default is not a constructor\n\n      33 |\n      34 |     if (this.enabled) {\n    > 35 |       this.redis = new Redis(redisUrl!, {\n         |                    ^\n      36 |         lazyConnect: true,\n      37 |         connectTimeout: this.connectTimeoutMs,\n      38 |         maxRetriesPerRequest: 2,\n\n      at new FootballApiCacheService (football-api/football-api-cache.service.ts:35:20)\n      at TestingInjector.instantiateClass (../node_modules/@nestjs/core/injector/injector.js:418:19)\n      at callback (../node_modules/@nestjs/core/injector/injector.js:70:45)\n      at TestingInjector.resolveConstructorParams (../node_modules/@nestjs/core/injector/injector.js:170:24)\n      at TestingInjector.loadInstance (../node_modules/@nestjs/core/injector/injector.js:75:13)\n      at TestingInjector.loadProvider (../node_modules/@nestjs/core/injector/injector.js:103:9)\n      at ../node_modules/@nestjs/core/injector/instance-loader.js:56:13\n          at async Promise.all (index 3)\n      at TestingInstanceLoader.createInstancesOfProviders (../node_modules/@nestjs/core/injector/instance-loader.js:55:9)\n      at ../node_modules/@nestjs/core/injector/instance-loader.js:40:13\n          at async Promise.all (index 1)\n      at TestingInstanceLoader.createInstances (../node_modules/@nestjs/core/injector/instance-loader.js:39:9)\n      at TestingInstanceLoader.createInstancesOfDependencies (../node_modules/@nestjs/core/injector/instance-loader.js:22:13)\n      at TestingInstanceLoader.createInstancesOfDependencies (../node_modules/@nestjs/testing/testing-instance-loader.js:9:9)\n      at TestingModuleBuilder.createInstancesOfDependencies (../node_modules/@nestjs/testing/testing-module.builder.js:118:9)\n      at TestingModuleBuilder.compile (../node_modules/@nestjs/testing/testing-module.builder.js:74:9)\n      at Object.<anonymous> (football-api/football-api-cache.service.spec.ts:33:35)\n\n  ● FootballApiCacheService › Cache Operations › should use default TTL if not provided\n\n    TypeError: ioredis_1.default is not a constructor\n\n      33 |\n      34 |     if (this.enabled) {\n    > 35 |       this.redis = new Redis(redisUrl!, {\n         |                    ^\n      36 |         lazyConnect: true,\n      37 |         connectTimeout: this.connectTimeoutMs,\n      38 |         maxRetriesPerRequest: 2,\n\n      at new FootballApiCacheService (football-api/football-api-cache.service.ts:35:20)\n      at TestingInjector.instantiateClass (../node_modules/@nestjs/core/injector/injector.js:418:19)\n      at callback (../node_modules/@nestjs/core/injector/injector.js:70:45)\n      at TestingInjector.resolveConstructorParams (../node_modules/@nestjs/core/injector/injector.js:170:24)\n      at TestingInjector.loadInstance (../node_modules/@nestjs/core/injector/injector.js:75:13)\n      at TestingInjector.loadProvider (../node_modules/@nestjs/core/injector/injector.js:103:9)\n      at ../node_modules/@nestjs/core/injector/instance-loader.js:56:13\n          at async Promise.all (index 3)\n      at TestingInstanceLoader.createInstancesOfProviders (../node_modules/@nestjs/core/injector/instance-loader.js:55:9)\n      at ../node_modules/@nestjs/core/injector/instance-loader.js:40:13\n          at async Promise.all (index 1)\n      at TestingInstanceLoader.createInstances (../node_modules/@nestjs/core/injector/instance-loader.js:39:9)\n      at TestingInstanceLoader.createInstancesOfDependencies (../node_modules/@nestjs/core/injector/instance-loader.js:22:13)\n      at TestingInstanceLoader.createInstancesOfDependencies (../node_modules/@nestjs/testing/testing-instance-loader.js:9:9)\n      at TestingModuleBuilder.createInstancesOfDependencies (../node_modules/@nestjs/testing/testing-module.builder.js:118:9)\n      at TestingModuleBuilder.compile (../node_modules/@nestjs/testing/testing-module.builder.js:74:9)\n      at Object.<anonymous> (football-api/football-api-cache.service.spec.ts:33:35)\n\n  ● FootballApiCacheService › Cache Operations › should log warning on set error\n\n    TypeError: ioredis_1.default is not a constructor\n\n      33 |\n      34 |     if (this.enabled) {\n    > 35 |       this.redis = new Redis(redisUrl!, {\n         |                    ^\n      36 |         lazyConnect: true,\n      37 |         connectTimeout: this.connectTimeoutMs,\n      38 |         maxRetriesPerRequest: 2,\n\n      at new FootballApiCacheService (football-api/football-api-cache.service.ts:35:20)\n      at TestingInjector.instantiateClass (../node_modules/@nestjs/core/injector/injector.js:418:19)\n      at callback (../node_modules/@nestjs/core/injector/injector.js:70:45)\n      at TestingInjector.resolveConstructorParams (../node_modules/@nestjs/core/injector/injector.js:170:24)\n      at TestingInjector.loadInstance (../node_modules/@nestjs/core/injector/injector.js:75:13)\n      at TestingInjector.loadProvider (../node_modules/@nestjs/core/injector/injector.js:103:9)\n      at ../node_modules/@nestjs/core/injector/instance-loader.js:56:13\n          at async Promise.all (index 3)\n      at TestingInstanceLoader.createInstancesOfProviders (../node_modules/@nestjs/core/injector/instance-loader.js:55:9)\n      at ../node_modules/@nestjs/core/injector/instance-loader.js:40:13\n          at async Promise.all (index 1)\n      at TestingInstanceLoader.createInstances (../node_modules/@nestjs/core/injector/instance-loader.js:39:9)\n      at TestingInstanceLoader.createInstancesOfDependencies (../node_modules/@nestjs/core/injector/instance-loader.js:22:13)\n      at TestingInstanceLoader.createInstancesOfDependencies (../node_modules/@nestjs/testing/testing-instance-loader.js:9:9)\n      at TestingModuleBuilder.createInstancesOfDependencies (../node_modules/@nestjs/testing/testing-module.builder.js:118:9)\n      at TestingModuleBuilder.compile (../node_modules/@nestjs/testing/testing-module.builder.js:74:9)\n      at Object.<anonymous> (football-api/football-api-cache.service.spec.ts:33:35)\n\n  ● FootballApiCacheService › Cache Operations › should delete key\n\n    TypeError: ioredis_1.default is not a constructor\n\n      33 |\n      34 |     if (this.enabled) {\n    > 35 |       this.redis = new Redis(redisUrl!, {\n         |                    ^\n      36 |         lazyConnect: true,\n      37 |         connectTimeout: this.connectTimeoutMs,\n      38 |         maxRetriesPerRequest: 2,\n\n      at new FootballApiCacheService (football-api/football-api-cache.service.ts:35:20)\n      at TestingInjector.instantiateClass (../node_modules/@nestjs/core/injector/injector.js:418:19)\n      at callback (../node_modules/@nestjs/core/injector/injector.js:70:45)\n      at TestingInjector.resolveConstructorParams (../node_modules/@nestjs/core/injector/injector.js:170:24)\n      at TestingInjector.loadInstance (../node_modules/@nestjs/core/injector/injector.js:75:13)\n      at TestingInjector.loadProvider (../node_modules/@nestjs/core/injector/injector.js:103:9)\n      at ../node_modules/@nestjs/core/injector/instance-loader.js:56:13\n          at async Promise.all (index 3)\n      at TestingInstanceLoader.createInstancesOfProviders (../node_modules/@nestjs/core/injector/instance-loader.js:55:9)\n      at ../node_modules/@nestjs/core/injector/instance-loader.js:40:13\n          at async Promise.all (index 1)\n      at TestingInstanceLoader.createInstances (../node_modules/@nestjs/core/injector/instance-loader.js:39:9)\n      at TestingInstanceLoader.createInstancesOfDependencies (../node_modules/@nestjs/core/injector/instance-loader.js:22:13)\n      at TestingInstanceLoader.createInstancesOfDependencies (../node_modules/@nestjs/testing/testing-instance-loader.js:9:9)\n      at TestingModuleBuilder.createInstancesOfDependencies (../node_modules/@nestjs/testing/testing-module.builder.js:118:9)\n      at TestingModuleBuilder.compile (../node_modules/@nestjs/testing/testing-module.builder.js:74:9)\n      at Object.<anonymous> (football-api/football-api-cache.service.spec.ts:33:35)\n\n  ● FootballApiCacheService › Cache Operations › should invalidate by pattern\n\n    TypeError: ioredis_1.default is not a constructor\n\n      33 |\n      34 |     if (this.enabled) {\n    > 35 |       this.redis = new Redis(redisUrl!, {\n         |                    ^\n      36 |         lazyConnect: true,\n      37 |         connectTimeout: this.connectTimeoutMs,\n      38 |         maxRetriesPerRequest: 2,\n\n      at new FootballApiCacheService (football-api/football-api-cache.service.ts:35:20)\n      at TestingInjector.instantiateClass (../node_modules/@nestjs/core/injector/injector.js:418:19)\n      at callback (../node_modules/@nestjs/core/injector/injector.js:70:45)\n      at TestingInjector.resolveConstructorParams (../node_modules/@nestjs/core/injector/injector.js:170:24)\n      at TestingInjector.loadInstance (../node_modules/@nestjs/core/injector/injector.js:75:13)\n      at TestingInjector.loadProvider (../node_modules/@nestjs/core/injector/injector.js:103:9)\n      at ../node_modules/@nestjs/core/injector/instance-loader.js:56:13\n          at async Promise.all (index 3)\n      at TestingInstanceLoader.createInstancesOfProviders (../node_modules/@nestjs/core/injector/instance-loader.js:55:9)\n      at ../node_modules/@nestjs/core/injector/instance-loader.js:40:13\n          at async Promise.all (index 1)\n      at TestingInstanceLoader.createInstances (../node_modules/@nestjs/core/injector/instance-loader.js:39:9)\n      at TestingInstanceLoader.createInstancesOfDependencies (../node_modules/@nestjs/core/injector/instance-loader.js:22:13)\n      at TestingInstanceLoader.createInstancesOfDependencies (../node_modules/@nestjs/testing/testing-instance-loader.js:9:9)\n      at TestingModuleBuilder.createInstancesOfDependencies (../node_modules/@nestjs/testing/testing-module.builder.js:118:9)\n      at TestingModuleBuilder.compile (../node_modules/@nestjs/testing/testing-module.builder.js:74:9)\n      at Object.<anonymous> (football-api/football-api-cache.service.spec.ts:33:35)\n\n  ● FootballApiCacheService › Cache Operations › should return 0 if no keys match pattern\n\n    TypeError: ioredis_1.default is not a constructor\n\n      33 |\n      34 |     if (this.enabled) {\n    > 35 |       this.redis = new Redis(redisUrl!, {\n         |                    ^\n      36 |         lazyConnect: true,\n      37 |         connectTimeout: this.connectTimeoutMs,\n      38 |         maxRetriesPerRequest: 2,\n\n      at new FootballApiCacheService (football-api/football-api-cache.service.ts:35:20)\n      at TestingInjector.instantiateClass (../node_modules/@nestjs/core/injector/injector.js:418:19)\n      at callback (../node_modules/@nestjs/core/injector/injector.js:70:45)\n      at TestingInjector.resolveConstructorParams (../node_modules/@nestjs/core/injector/injector.js:170:24)\n      at TestingInjector.loadInstance (../node_modules/@nestjs/core/injector/injector.js:75:13)\n      at TestingInjector.loadProvider (../node_modules/@nestjs/core/injector/injector.js:103:9)\n      at ../node_modules/@nestjs/core/injector/instance-loader.js:56:13\n          at async Promise.all (index 3)\n      at TestingInstanceLoader.createInstancesOfProviders (../node_modules/@nestjs/core/injector/instance-loader.js:55:9)\n      at ../node_modules/@nestjs/core/injector/instance-loader.js:40:13\n          at async Promise.all (index 1)\n      at TestingInstanceLoader.createInstances (../node_modules/@nestjs/core/injector/instance-loader.js:39:9)\n      at TestingInstanceLoader.createInstancesOfDependencies (../node_modules/@nestjs/core/injector/instance-loader.js:22:13)\n      at TestingInstanceLoader.createInstancesOfDependencies (../node_modules/@nestjs/testing/testing-instance-loader.js:9:9)\n      at TestingModuleBuilder.createInstancesOfDependencies (../node_modules/@nestjs/testing/testing-module.builder.js:118:9)\n      at TestingModuleBuilder.compile (../node_modules/@nestjs/testing/testing-module.builder.js:74:9)\n      at Object.<anonymous> (football-api/football-api-cache.service.spec.ts:33:35)\n\n  ● FootballApiCacheService › Stats and Availability › should return stats when available\n\n    TypeError: ioredis_1.default is not a constructor\n\n      33 |\n      34 |     if (this.enabled) {\n    > 35 |       this.redis = new Redis(redisUrl!, {\n         |                    ^\n      36 |         lazyConnect: true,\n      37 |         connectTimeout: this.connectTimeoutMs,\n      38 |         maxRetriesPerRequest: 2,\n\n      at new FootballApiCacheService (football-api/football-api-cache.service.ts:35:20)\n      at TestingInjector.instantiateClass (../node_modules/@nestjs/core/injector/injector.js:418:19)\n      at callback (../node_modules/@nestjs/core/injector/injector.js:70:45)\n      at TestingInjector.resolveConstructorParams (../node_modules/@nestjs/core/injector/injector.js:170:24)\n      at TestingInjector.loadInstance (../node_modules/@nestjs/core/injector/injector.js:75:13)\n      at TestingInjector.loadProvider (../node_modules/@nestjs/core/injector/injector.js:103:9)\n      at ../node_modules/@nestjs/core/injector/instance-loader.js:56:13\n          at async Promise.all (index 3)\n      at TestingInstanceLoader.createInstancesOfProviders (../node_modules/@nestjs/core/injector/instance-loader.js:55:9)\n      at ../node_modules/@nestjs/core/injector/instance-loader.js:40:13\n          at async Promise.all (index 1)\n      at TestingInstanceLoader.createInstances (../node_modules/@nestjs/core/injector/instance-loader.js:39:9)\n      at TestingInstanceLoader.createInstancesOfDependencies (../node_modules/@nestjs/core/injector/instance-loader.js:22:13)\n      at TestingInstanceLoader.createInstancesOfDependencies (../node_modules/@nestjs/testing/testing-instance-loader.js:9:9)\n      at TestingModuleBuilder.createInstancesOfDependencies (../node_modules/@nestjs/testing/testing-module.builder.js:118:9)\n      at TestingModuleBuilder.compile (../node_modules/@nestjs/testing/testing-module.builder.js:74:9)\n      at Object.<anonymous> (football-api/football-api-cache.service.spec.ts:33:35)\n\n  ● FootballApiCacheService › Stats and Availability › should return default memory if regex fails\n\n    TypeError: ioredis_1.default is not a constructor\n\n      33 |\n      34 |     if (this.enabled) {\n    > 35 |       this.redis = new Redis(redisUrl!, {\n         |                    ^\n      36 |         lazyConnect: true,\n      37 |         connectTimeout: this.connectTimeoutMs,\n      38 |         maxRetriesPerRequest: 2,\n\n      at new FootballApiCacheService (football-api/football-api-cache.service.ts:35:20)\n      at TestingInjector.instantiateClass (../node_modules/@nestjs/core/injector/injector.js:418:19)\n      at callback (../node_modules/@nestjs/core/injector/injector.js:70:45)\n      at TestingInjector.resolveConstructorParams (../node_modules/@nestjs/core/injector/injector.js:170:24)\n      at TestingInjector.loadInstance (../node_modules/@nestjs/core/injector/injector.js:75:13)\n      at TestingInjector.loadProvider (../node_modules/@nestjs/core/injector/injector.js:103:9)\n      at ../node_modules/@nestjs/core/injector/instance-loader.js:56:13\n          at async Promise.all (index 3)\n      at TestingInstanceLoader.createInstancesOfProviders (../node_modules/@nestjs/core/injector/instance-loader.js:55:9)\n      at ../node_modules/@nestjs/core/injector/instance-loader.js:40:13\n          at async Promise.all (index 1)\n      at TestingInstanceLoader.createInstances (../node_modules/@nestjs/core/injector/instance-loader.js:39:9)\n      at TestingInstanceLoader.createInstancesOfDependencies (../node_modules/@nestjs/core/injector/instance-loader.js:22:13)\n      at TestingInstanceLoader.createInstancesOfDependencies (../node_modules/@nestjs/testing/testing-instance-loader.js:9:9)\n      at TestingModuleBuilder.createInstancesOfDependencies (../node_modules/@nestjs/testing/testing-module.builder.js:118:9)\n      at TestingModuleBuilder.compile (../node_modules/@nestjs/testing/testing-module.builder.js:74:9)\n      at Object.<anonymous> (football-api/football-api-cache.service.spec.ts:33:35)\n\n  ● FootballApiCacheService › Stats and Availability › should return unavailable stats if redis error\n\n    TypeError: ioredis_1.default is not a constructor\n\n      33 |\n      34 |     if (this.enabled) {\n    > 35 |       this.redis = new Redis(redisUrl!, {\n         |                    ^\n      36 |         lazyConnect: true,\n      37 |         connectTimeout: this.connectTimeoutMs,\n      38 |         maxRetriesPerRequest: 2,\n\n      at new FootballApiCacheService (football-api/football-api-cache.service.ts:35:20)\n      at TestingInjector.instantiateClass (../node_modules/@nestjs/core/injector/injector.js:418:19)\n      at callback (../node_modules/@nestjs/core/injector/injector.js:70:45)\n      at TestingInjector.resolveConstructorParams (../node_modules/@nestjs/core/injector/injector.js:170:24)\n      at TestingInjector.loadInstance (../node_modules/@nestjs/core/injector/injector.js:75:13)\n      at TestingInjector.loadProvider (../node_modules/@nestjs/core/injector/injector.js:103:9)\n      at ../node_modules/@nestjs/core/injector/instance-loader.js:56:13\n          at async Promise.all (index 3)\n      at TestingInstanceLoader.createInstancesOfProviders (../node_modules/@nestjs/core/injector/instance-loader.js:55:9)\n      at ../node_modules/@nestjs/core/injector/instance-loader.js:40:13\n          at async Promise.all (index 1)\n      at TestingInstanceLoader.createInstances (../node_modules/@nestjs/core/injector/instance-loader.js:39:9)\n      at TestingInstanceLoader.createInstancesOfDependencies (../node_modules/@nestjs/core/injector/instance-loader.js:22:13)\n      at TestingInstanceLoader.createInstancesOfDependencies (../node_modules/@nestjs/testing/testing-instance-loader.js:9:9)\n      at TestingModuleBuilder.createInstancesOfDependencies (../node_modules/@nestjs/testing/testing-module.builder.js:118:9)\n      at TestingModuleBuilder.compile (../node_modules/@nestjs/testing/testing-module.builder.js:74:9)\n      at Object.<anonymous> (football-api/football-api-cache.service.spec.ts:33:35)\n\n  ● FootballApiCacheService › Stats and Availability › should return unavailable if redis not initialized\n\n    TypeError: ioredis_1.default is not a constructor\n\n      33 |\n      34 |     if (this.enabled) {\n    > 35 |       this.redis = new Redis(redisUrl!, {\n         |                    ^\n      36 |         lazyConnect: true,\n      37 |         connectTimeout: this.connectTimeoutMs,\n      38 |         maxRetriesPerRequest: 2,\n\n      at new FootballApiCacheService (football-api/football-api-cache.service.ts:35:20)\n      at TestingInjector.instantiateClass (../node_modules/@nestjs/core/injector/injector.js:418:19)\n      at callback (../node_modules/@nestjs/core/injector/injector.js:70:45)\n      at TestingInjector.resolveConstructorParams (../node_modules/@nestjs/core/injector/injector.js:170:24)\n      at TestingInjector.loadInstance (../node_modules/@nestjs/core/injector/injector.js:75:13)\n      at TestingInjector.loadProvider (../node_modules/@nestjs/core/injector/injector.js:103:9)\n      at ../node_modules/@nestjs/core/injector/instance-loader.js:56:13\n          at async Promise.all (index 3)\n      at TestingInstanceLoader.createInstancesOfProviders (../node_modules/@nestjs/core/injector/instance-loader.js:55:9)\n      at ../node_modules/@nestjs/core/injector/instance-loader.js:40:13\n          at async Promise.all (index 1)\n      at TestingInstanceLoader.createInstances (../node_modules/@nestjs/core/injector/instance-loader.js:39:9)\n      at TestingInstanceLoader.createInstancesOfDependencies (../node_modules/@nestjs/core/injector/instance-loader.js:22:13)\n      at TestingInstanceLoader.createInstancesOfDependencies (../node_modules/@nestjs/testing/testing-instance-loader.js:9:9)\n      at TestingModuleBuilder.createInstancesOfDependencies (../node_modules/@nestjs/testing/testing-module.builder.js:118:9)\n      at TestingModuleBuilder.compile (../node_modules/@nestjs/testing/testing-module.builder.js:74:9)\n      at Object.<anonymous> (football-api/football-api-cache.service.spec.ts:33:35)\n","name":"/Users/erivan.silva/FootDash/backend/src/football-api/football-api-cache.service.spec.ts","startTime":1773593169332,"status":"failed","summary":""}],"wasInterrupted":false}
