<?xml version="1.0"?>
<testsuite name="Chrome Headless 145.0.0.0 (Mac OS 10.15.7)" package="" timestamp="2026-03-02T11:10:05" id="0" hostname="CHROMECAST.station" tests="10" errors="0" failures="0" time="0.184">
  <properties>
    <property name="browser.fullName" value="Mozilla/5.0 (Macintosh; Intel Mac OS X 10_15_7) AppleWebKit/537.36 (KHTML, like Gecko) HeadlessChrome/145.0.0.0 Safari/537.36"/>
  </properties>
  <testcase name="OddsPage groupedOdds groups entries by matchId" time="0.123" classname="OddsPage groupedOdds"/>
  <testcase name="OddsPage should create" time="0.009" classname="OddsPage"/>
  <testcase name="OddsPage loadOdds sets loading to false after response" time="0.008" classname="OddsPage loadOdds"/>
  <testcase name="OddsPage loadOdds populates odds signal" time="0.007" classname="OddsPage loadOdds"/>
  <testcase name="OddsPage loadOdds calls GET /odds on init" time="0.007" classname="OddsPage loadOdds"/>
  <testcase name="OddsPage isBest returns false for non-best homeWin value" time="0.005" classname="OddsPage isBest"/>
  <testcase name="OddsPage isBest returns false when there is only one entry" time="0.006" classname="OddsPage isBest"/>
  <testcase name="OddsPage isBest returns true for highest homeWin value" time="0.005" classname="OddsPage isBest"/>
  <testcase name="OddsPage onTabChange to value tab fetches value bets when switching to value tab" time="0.007" classname="OddsPage onTabChange to value tab"/>
  <testcase name="OddsPage onTabChange to value tab does not re-fetch value bets if already loaded" time="0.007" classname="OddsPage onTabChange to value tab"/>
  <system-out>
    <![CDATA[Chrome Headless 145.0.0.0 (Mac OS 10.15.7) WARN: 'Spec 'OddsPage onTabChange to value tab does not re-fetch value bets if already loaded' has no expectations.'

]]>
  </system-out>
  <system-err/>
</testsuite>