<?xml version="1.0"?>
<testsuite name="Chrome Headless 144.0.0.0 (Mac OS 10.15.7)" package="" timestamp="2026-01-30T09:32:56" id="0" hostname="ERIVANS-IMAC.station" tests="2" errors="0" failures="0" time="0.732">
  <properties>
    <property name="browser.fullName" value="Mozilla/5.0 (Macintosh; Intel Mac OS X 10_15_7) AppleWebKit/537.36 (KHTML, like Gecko) HeadlessChrome/144.0.0.0 Safari/537.36"/>
  </properties>
  <testcase name="Navigation (Router) should navigate to login if unauthenticated" time="0.727" classname="Navigation (Router)"/>
  <testcase name="Navigation (Router) should have correct route paths configured" time="0.005" classname="Navigation (Router)"/>
  <system-out>
    <![CDATA[
]]>
  </system-out>
  <system-err/>
</testsuite>